#
# There is insufficient memory for the Java Runtime Environment to continue.
# Native memory allocation (malloc) failed to allocate 1175936 bytes for Chunk::new
# Possible reasons:
#   The system is out of physical RAM or swap space
#   The process is running with CompressedOops enabled, and the Java Heap may be blocking the growth of the native heap
# Possible solutions:
#   Reduce memory load on the system
#   Increase physical memory or swap space
#   Check if swap backing store is full
#   Decrease Java heap size (-Xmx/-Xms)
#   Decrease number of Java threads
#   Decrease Java thread stack sizes (-Xss)
#   Set larger code cache with -XX:ReservedCodeCacheSize=
#   JVM is running with Unscaled Compressed Oops mode in which the Java heap is
#     placed in the first 4GB address space. The Java Heap base address is the
#     maximum limit for the native heap growth. Please use -XX:HeapBaseMinAddress
#     to set the Java Heap base and to place the Java Heap above 4GB virtual address.
# This output file may be truncated or incomplete.
#
#  Out of Memory Error (allocation.cpp:389), pid=3784, tid=0x0000000000001388
#
# JRE version: OpenJDK Runtime Environment (8.0_242-b01) (build 1.8.0_242-release-1644-b01)
# Java VM: OpenJDK 64-Bit Server VM (25.242-b01 mixed mode windows-amd64 compressed oops)
# Failed to write core dump. Minidumps are not enabled by default on client versions of Windows
#

---------------  T H R E A D  ---------------

Current thread (0x00000000157c8000):  JavaThread "C2 CompilerThread1" daemon [_thread_in_native, id=5000, stack(0x0000000016f30000,0x0000000017030000)]

Stack: [0x0000000016f30000,0x0000000017030000]
[error occurred during error reporting (printing stack bounds), id 0xc0000005]

Native frames: (J=compiled Java code, j=interpreted, Vv=VM code, C=native code)


Current CompileTask:
C2:  23250 7671   !   4       java.net.URLClassLoader$1::run (63 bytes)


---------------  P R O C E S S  ---------------

Java Threads: ( => current thread )
  0x000000001d7b2800 JavaThread "stdout" [_thread_in_native, id=6840, stack(0x00000000238e0000,0x00000000239e0000)]
  0x000000001d7b7000 JavaThread "stderr" [_thread_in_native, id=4248, stack(0x00000000237e0000,0x00000000238e0000)]
  0x000000001d7a8800 JavaThread "stdout" [_thread_in_native, id=3176, stack(0x00000000236e0000,0x00000000237e0000)]
  0x000000001d7af800 JavaThread "stderr" [_thread_in_native, id=6660, stack(0x00000000235e0000,0x00000000236e0000)]
  0x000000001d7b6000 JavaThread "pool-4-thread-1" [_thread_blocked, id=6200, stack(0x00000000234e0000,0x00000000235e0000)]
  0x000000001d7ab000 JavaThread "WorkerExecutor Queue" [_thread_blocked, id=10568, stack(0x00000000233e0000,0x00000000234e0000)]
  0x000000001d7ae000 JavaThread "Cache worker for execution history cache (E:\Intent\.gradle\6.1.1\executionHistory)" [_thread_blocked, id=6936, stack(0x00000000230e0000,0x00000000231e0000)]
  0x000000001d7ad000 JavaThread "Execution worker for ':' Thread 3" [_thread_in_native, id=6276, stack(0x0000000022de0000,0x0000000022ee0000)]
  0x0000000017a01800 JavaThread "Execution worker for ':' Thread 2" [_thread_in_Java, id=7148, stack(0x0000000022ce0000,0x0000000022de0000)]
  0x0000000017a06800 JavaThread "Execution worker for ':'" [_thread_blocked, id=6908, stack(0x0000000022520000,0x0000000022620000)]
  0x0000000017a03800 JavaThread "Cache worker for file content cache (E:\Intent\.gradle\6.1.1\fileContent)" [_thread_blocked, id=6452, stack(0x0000000022420000,0x0000000022520000)]
  0x0000000017a05000 JavaThread "Cache worker for file content cache (C:\Users\LUCKY\.gradle\caches\6.1.1\fileContent)" [_thread_blocked, id=6456, stack(0x0000000022320000,0x0000000022420000)]
  0x0000000017a03000 JavaThread "Memory manager" [_thread_blocked, id=1472, stack(0x0000000021fe0000,0x00000000220e0000)]
  0x00000000179ff000 JavaThread "Cache worker for Build Output Cleanup Cache (E:\Intent\.gradle\buildOutputCleanup)" [_thread_blocked, id=5300, stack(0x00000000218e0000,0x00000000219e0000)]
  0x00000000179fe800 JavaThread "Build operations Thread 4" [_thread_blocked, id=5332, stack(0x0000000020f40000,0x0000000021040000)]
  0x0000000017a00000 JavaThread "Build operations Thread 3" [_thread_blocked, id=11048, stack(0x0000000020e40000,0x0000000020f40000)]
  0x00000000179fb800 JavaThread "Build operations Thread 2" [_thread_blocked, id=5280, stack(0x0000000020d40000,0x0000000020e40000)]
  0x00000000179fd800 JavaThread "Build operations" [_thread_blocked, id=5920, stack(0x0000000020c40000,0x0000000020d40000)]
  0x00000000196b0800 JavaThread "Cache worker for execution history cache (C:\Users\LUCKY\.gradle\caches\6.1.1\executionHistory)" [_thread_blocked, id=5128, stack(0x000000001ecc0000,0x000000001edc0000)]
  0x00000000196b3800 JavaThread "Cache worker for cache directory md-rule (C:\Users\LUCKY\.gradle\caches\6.1.1\md-rule)" [_thread_blocked, id=4740, stack(0x000000001db50000,0x000000001dc50000)]
  0x00000000196ad000 JavaThread "Cache worker for cache directory md-supplier (C:\Users\LUCKY\.gradle\caches\6.1.1\md-supplier)" [_thread_blocked, id=5148, stack(0x000000001da50000,0x000000001db50000)]
  0x00000000196ae800 JavaThread "Cache worker for file hash cache (E:\Intent\.gradle\6.1.1\fileHashes)" [_thread_blocked, id=5160, stack(0x000000001f170000,0x000000001f270000)]
  0x00000000196af000 JavaThread "Cache worker for checksums cache (E:\Intent\.gradle\checksums)" [_thread_blocked, id=10640, stack(0x000000001f070000,0x000000001f170000)]
  0x00000000196b1800 JavaThread "Cache worker for file hash cache (C:\Users\LUCKY\.gradle\caches\6.1.1\fileHashes)" [_thread_in_Java, id=7292, stack(0x000000001b5b0000,0x000000001b6b0000)]
  0x00000000196ad800 JavaThread "File lock request listener" [_thread_in_native, id=3244, stack(0x000000001b4b0000,0x000000001b5b0000)]
  0x000000001969b000 JavaThread "Cache worker for journal cache (C:\Users\LUCKY\.gradle\caches\journal-1)" [_thread_blocked, id=4992, stack(0x000000001b3b0000,0x000000001b4b0000)]
  0x0000000019565000 JavaThread "Thread-9" [_thread_blocked, id=5028, stack(0x000000001b0b0000,0x000000001b1b0000)]
  0x0000000019564000 JavaThread "Stdin handler" [_thread_blocked, id=4664, stack(0x000000001afb0000,0x000000001b0b0000)]
  0x0000000019556800 JavaThread "Asynchronous log dispatcher for DefaultDaemonConnection: socket connection from /127.0.0.1:49844 to /127.0.0.1:49845" [_thread_blocked, id=7356, stack(0x000000001aeb0000,0x000000001afb0000)]
  0x00000000195f6800 JavaThread "Daemon worker" [_thread_blocked, id=2312, stack(0x000000001adb0000,0x000000001aeb0000)]
  0x00000000195f4800 JavaThread "Cancel handler" [_thread_blocked, id=7288, stack(0x000000001acb0000,0x000000001adb0000)]
  0x000000001915c000 JavaThread "Handler for socket connection from /127.0.0.1:49844 to /127.0.0.1:49845" [_thread_in_native, id=8240, stack(0x000000001a9b0000,0x000000001aab0000)]
  0x0000000019159000 JavaThread "Daemon" [_thread_blocked, id=7304, stack(0x000000001a8b0000,0x000000001a9b0000)]
  0x000000001948f000 JavaThread "Daemon periodic checks" [_thread_blocked, id=7840, stack(0x000000001a7b0000,0x000000001a8b0000)]
  0x000000001948d800 JavaThread "Incoming local TCP Connector on port 49844" [_thread_in_native, id=5344, stack(0x0000000017830000,0x0000000017930000)]
  0x0000000019403000 JavaThread "Daemon health stats" [_thread_blocked, id=10808, stack(0x0000000017730000,0x0000000017830000)]
  0x000000001581e800 JavaThread "Service Thread" daemon [_thread_blocked, id=5136, stack(0x0000000017530000,0x0000000017630000)]
  0x00000000157d1800 JavaThread "C1 CompilerThread2" daemon [_thread_blocked, id=4652, stack(0x0000000017030000,0x0000000017130000)]
=>0x00000000157c8000 JavaThread "C2 CompilerThread1" daemon [_thread_in_native, id=5000, stack(0x0000000016f30000,0x0000000017030000)]
  0x00000000157bf800 JavaThread "C2 CompilerThread0" daemon [_thread_in_native, id=4412, stack(0x0000000016e30000,0x0000000016f30000)]
  0x00000000157c5800 JavaThread "Attach Listener" daemon [_thread_blocked, id=4456, stack(0x0000000016d30000,0x0000000016e30000)]
  0x00000000157c4000 JavaThread "Signal Dispatcher" daemon [_thread_blocked, id=4484, stack(0x0000000016c30000,0x0000000016d30000)]
  0x00000000030b9800 JavaThread "Finalizer" daemon [_thread_blocked, id=6140, stack(0x0000000016a20000,0x0000000016b20000)]
  0x00000000030b1000 JavaThread "Reference Handler" daemon [_thread_blocked, id=8004, stack(0x0000000016920000,0x0000000016a20000)]
  0x0000000002e6d800 JavaThread "main" [_thread_blocked, id=4052, stack(0x0000000002ea0000,0x0000000002fa0000)]

Other Threads:
  0x0000000015786000 VMThread [stack: 0x0000000016820000,0x0000000016920000] [id=6016]
  0x000000001715a800 WatcherThread [stack: 0x0000000017630000,0x0000000017730000] [id=3692]

VM state:not at safepoint (normal execution)

VM Mutex/Monitor currently owned by a thread: None

heap address: 0x00000000c0000000, size: 1024 MB, Compressed Oops mode: 32-bit
Narrow klass base: 0x0000000000000000, Narrow klass shift: 3
Compressed class space size: 1073741824 Address: 0x0000000100000000

Heap:
 PSYoungGen      total 190976K, used 145704K [0x00000000eab00000, 0x00000000f7700000, 0x0000000100000000)
  eden space 173056K, 84% used [0x00000000eab00000,0x00000000f394a128,0x00000000f5400000)
  from space 17920K, 0% used [0x00000000f5400000,0x00000000f5400000,0x00000000f6580000)
  to   space 15872K, 0% used [0x00000000f6600000,0x00000000f6600000,0x00000000f7580000)
 ParOldGen       total 67584K, used 27964K [0x00000000c0000000, 0x00000000c4200000, 0x00000000eab00000)
  object space 67584K, 41% used [0x00000000c0000000,0x00000000c1b4f338,0x00000000c4200000)
 Metaspace       used 62909K, capacity 65854K, committed 66088K, reserved 1105920K
  class space    used 8639K, capacity 9238K, committed 9264K, reserved 1048576K

Card table byte_map: [0x0000000012490000,0x00000000126a0000] byte_map_base: 0x0000000011e90000

Marking Bits: (ParMarkBitMap*) 0x00000000734df030
 Begin Bits: [0x0000000012c00000, 0x0000000013c00000)
 End Bits:   [0x0000000013c00000, 0x0000000014c00000)

Polling page: 0x0000000002fa0000

CodeCache: size=245760Kb used=21044Kb max_used=21044Kb free=224715Kb
 bounds [0x00000000030d0000, 0x0000000004580000, 0x00000000120d0000]
 total_blobs=7631 nmethods=6836 adapters=708
 compilation: enabled

Compilation events (10 events):
Event: 23.234 Thread 0x00000000157d1800 nmethod 7709 0x000000000456a110 code [0x000000000456a3a0, 0x000000000456b808]
Event: 23.234 Thread 0x00000000157d1800 7710       3       org.gradle.internal.execution.history.changes.AbstractFingerprintCompareStrategy::hasSameRootHashes (22 bytes)
Event: 23.235 Thread 0x00000000157d1800 nmethod 7710 0x000000000456c490 code [0x000000000456c6c0, 0x000000000456d648]
Event: 23.245 Thread 0x00000000157d1800 7711       3       org.gradle.internal.execution.history.changes.DefaultFileChange::removed (18 bytes)
Event: 23.246 Thread 0x00000000157d1800 nmethod 7711 0x000000000456ded0 code [0x000000000456e040, 0x000000000456e248]
Event: 23.246 Thread 0x00000000157d1800 7712       3       org.gradle.internal.execution.history.changes.DefaultFileChange::<init> (38 bytes)
Event: 23.246 Thread 0x00000000157d1800 nmethod 7712 0x000000000456e310 code [0x000000000456e460, 0x000000000456e690]
Event: 23.246 Thread 0x00000000157d1800 7713       3       org.gradle.internal.execution.history.changes.SummarizingChangeContainer$ChangeDetectingVisitor::visitChange (16 bytes)
Event: 23.246 Thread 0x00000000157d1800 nmethod 7713 0x000000000456e750 code [0x000000000456e8c0, 0x000000000456eae8]
Event: 23.247 Thread 0x00000000157d1800 7714       1       com.sun.org.apache.xerces.internal.utils.XMLSecurityPropertyManager$Property::defaultValue (5 bytes)

GC Heap History (10 events):
Event: 11.234 GC heap before
{Heap before GC invocations=12 (full 2):
 PSYoungGen      total 134656K, used 8697K [0x00000000eab00000, 0x00000000f7e80000, 0x0000000100000000)
  eden space 125952K, 0% used [0x00000000eab00000,0x00000000eab00000,0x00000000f2600000)
  from space 8704K, 99% used [0x00000000f3280000,0x00000000f3afe4e8,0x00000000f3b00000)
  to   space 12800K, 0% used [0x00000000f2600000,0x00000000f2600000,0x00000000f3280000)
 ParOldGen       total 29696K, used 11269K [0x00000000c0000000, 0x00000000c1d00000, 0x00000000eab00000)
  object space 29696K, 37% used [0x00000000c0000000,0x00000000c0b01710,0x00000000c1d00000)
 Metaspace       used 34593K, capacity 35414K, committed 35496K, reserved 1079296K
  class space    used 4743K, capacity 4972K, committed 5040K, reserved 1048576K
Event: 11.309 GC heap after
Heap after GC invocations=12 (full 2):
 PSYoungGen      total 134656K, used 0K [0x00000000eab00000, 0x00000000f7e80000, 0x0000000100000000)
  eden space 125952K, 0% used [0x00000000eab00000,0x00000000eab00000,0x00000000f2600000)
  from space 8704K, 0% used [0x00000000f3280000,0x00000000f3280000,0x00000000f3b00000)
  to   space 12800K, 0% used [0x00000000f2600000,0x00000000f2600000,0x00000000f3280000)
 ParOldGen       total 45056K, used 15406K [0x00000000c0000000, 0x00000000c2c00000, 0x00000000eab00000)
  object space 45056K, 34% used [0x00000000c0000000,0x00000000c0f0b9b0,0x00000000c2c00000)
 Metaspace       used 34593K, capacity 35414K, committed 35496K, reserved 1079296K
  class space    used 4743K, capacity 4972K, committed 5040K, reserved 1048576K
}
Event: 14.798 GC heap before
{Heap before GC invocations=13 (full 2):
 PSYoungGen      total 134656K, used 125952K [0x00000000eab00000, 0x00000000f7e80000, 0x0000000100000000)
  eden space 125952K, 100% used [0x00000000eab00000,0x00000000f2600000,0x00000000f2600000)
  from space 8704K, 0% used [0x00000000f3280000,0x00000000f3280000,0x00000000f3b00000)
  to   space 12800K, 0% used [0x00000000f2600000,0x00000000f2600000,0x00000000f3280000)
 ParOldGen       total 45056K, used 15406K [0x00000000c0000000, 0x00000000c2c00000, 0x00000000eab00000)
  object space 45056K, 34% used [0x00000000c0000000,0x00000000c0f0b9b0,0x00000000c2c00000)
 Metaspace       used 45264K, capacity 46732K, committed 47016K, reserved 1089536K
  class space    used 6140K, capacity 6530K, committed 6576K, reserved 1048576K
Event: 14.823 GC heap after
Heap after GC invocations=13 (full 2):
 PSYoungGen      total 138752K, used 12773K [0x00000000eab00000, 0x00000000f7580000, 0x0000000100000000)
  eden space 125952K, 0% used [0x00000000eab00000,0x00000000eab00000,0x00000000f2600000)
  from space 12800K, 99% used [0x00000000f2600000,0x00000000f32795c0,0x00000000f3280000)
  to   space 15872K, 0% used [0x00000000f6600000,0x00000000f6600000,0x00000000f7580000)
 ParOldGen       total 45056K, used 17741K [0x00000000c0000000, 0x00000000c2c00000, 0x00000000eab00000)
  object space 45056K, 39% used [0x00000000c0000000,0x00000000c11537f0,0x00000000c2c00000)
 Metaspace       used 45264K, capacity 46732K, committed 47016K, reserved 1089536K
  class space    used 6140K, capacity 6530K, committed 6576K, reserved 1048576K
}
Event: 18.502 GC heap before
{Heap before GC invocations=14 (full 2):
 PSYoungGen      total 138752K, used 138725K [0x00000000eab00000, 0x00000000f7580000, 0x0000000100000000)
  eden space 125952K, 100% used [0x00000000eab00000,0x00000000f2600000,0x00000000f2600000)
  from space 12800K, 99% used [0x00000000f2600000,0x00000000f32795c0,0x00000000f3280000)
  to   space 15872K, 0% used [0x00000000f6600000,0x00000000f6600000,0x00000000f7580000)
 ParOldGen       total 45056K, used 17741K [0x00000000c0000000, 0x00000000c2c00000, 0x00000000eab00000)
  object space 45056K, 39% used [0x00000000c0000000,0x00000000c11537f0,0x00000000c2c00000)
 Metaspace       used 56227K, capacity 58154K, committed 58408K, reserved 1099776K
  class space    used 7721K, capacity 8180K, committed 8240K, reserved 1048576K
Event: 18.540 GC heap after
Heap after GC invocations=14 (full 2):
 PSYoungGen      total 188928K, used 14818K [0x00000000eab00000, 0x00000000f7700000, 0x0000000100000000)
  eden space 173056K, 0% used [0x00000000eab00000,0x00000000eab00000,0x00000000f5400000)
  from space 15872K, 93% used [0x00000000f6600000,0x00000000f7478a98,0x00000000f7580000)
  to   space 17920K, 0% used [0x00000000f5400000,0x00000000f5400000,0x00000000f6580000)
 ParOldGen       total 45056K, used 25593K [0x00000000c0000000, 0x00000000c2c00000, 0x00000000eab00000)
  object space 45056K, 56% used [0x00000000c0000000,0x00000000c18fe658,0x00000000c2c00000)
 Metaspace       used 56227K, capacity 58154K, committed 58408K, reserved 1099776K
  class space    used 7721K, capacity 8180K, committed 8240K, reserved 1048576K
}
Event: 18.883 GC heap before
{Heap before GC invocations=15 (full 2):
 PSYoungGen      total 188928K, used 27579K [0x00000000eab00000, 0x00000000f7700000, 0x0000000100000000)
  eden space 173056K, 7% used [0x00000000eab00000,0x00000000eb7762c8,0x00000000f5400000)
  from space 15872K, 93% used [0x00000000f6600000,0x00000000f7478a98,0x00000000f7580000)
  to   space 17920K, 0% used [0x00000000f5400000,0x00000000f5400000,0x00000000f6580000)
 ParOldGen       total 45056K, used 25593K [0x00000000c0000000, 0x00000000c2c00000, 0x00000000eab00000)
  object space 45056K, 56% used [0x00000000c0000000,0x00000000c18fe658,0x00000000c2c00000)
 Metaspace       used 57076K, capacity 59106K, committed 59160K, reserved 1099776K
  class space    used 7832K, capacity 8318K, committed 8368K, reserved 1048576K
Event: 18.915 GC heap after
Heap after GC invocations=15 (full 2):
 PSYoungGen      total 190976K, used 1248K [0x00000000eab00000, 0x00000000f7700000, 0x0000000100000000)
  eden space 173056K, 0% used [0x00000000eab00000,0x00000000eab00000,0x00000000f5400000)
  from space 17920K, 6% used [0x00000000f5400000,0x00000000f55382b8,0x00000000f6580000)
  to   space 15872K, 0% used [0x00000000f6600000,0x00000000f6600000,0x00000000f7580000)
 ParOldGen       total 45056K, used 32289K [0x00000000c0000000, 0x00000000c2c00000, 0x00000000eab00000)
  object space 45056K, 71% used [0x00000000c0000000,0x00000000c1f884a0,0x00000000c2c00000)
 Metaspace       used 57076K, capacity 59106K, committed 59160K, reserved 1099776K
  class space    used 7832K, capacity 8318K, committed 8368K, reserved 1048576K
}
Event: 18.916 GC heap before
{Heap before GC invocations=16 (full 3):
 PSYoungGen      total 190976K, used 1248K [0x00000000eab00000, 0x00000000f7700000, 0x0000000100000000)
  eden space 173056K, 0% used [0x00000000eab00000,0x00000000eab00000,0x00000000f5400000)
  from space 17920K, 6% used [0x00000000f5400000,0x00000000f55382b8,0x00000000f6580000)
  to   space 15872K, 0% used [0x00000000f6600000,0x00000000f6600000,0x00000000f7580000)
 ParOldGen       total 45056K, used 32289K [0x00000000c0000000, 0x00000000c2c00000, 0x00000000eab00000)
  object space 45056K, 71% used [0x00000000c0000000,0x00000000c1f884a0,0x00000000c2c00000)
 Metaspace       used 57076K, capacity 59106K, committed 59160K, reserved 1099776K
  class space    used 7832K, capacity 8318K, committed 8368K, reserved 1048576K
Event: 19.365 GC heap after
Heap after GC invocations=16 (full 3):
 PSYoungGen      total 190976K, used 0K [0x00000000eab00000, 0x00000000f7700000, 0x0000000100000000)
  eden space 173056K, 0% used [0x00000000eab00000,0x00000000eab00000,0x00000000f5400000)
  from space 17920K, 0% used [0x00000000f5400000,0x00000000f5400000,0x00000000f6580000)
  to   space 15872K, 0% used [0x00000000f6600000,0x00000000f6600000,0x00000000f7580000)
 ParOldGen       total 67584K, used 27964K [0x00000000c0000000, 0x00000000c4200000, 0x00000000eab00000)
  object space 67584K, 41% used [0x00000000c0000000,0x00000000c1b4f338,0x00000000c4200000)
 Metaspace       used 57062K, capacity 59058K, committed 59160K, reserved 1099776K
  class space    used 7827K, capacity 8310K, committed 8368K, reserved 1048576K
}

Deoptimization events (10 events):
Event: 22.698 Thread 0x000000001d7ab000 Uncommon trap: reason=bimorphic action=maybe_recompile pc=0x00000000035fefb0 method=java.util.Spliterators$IteratorSpliterator.tryAdvance(Ljava/util/function/Consumer;)Z @ 50
Event: 22.699 Thread 0x000000001d7ab000 Uncommon trap: reason=bimorphic action=maybe_recompile pc=0x00000000035fefb0 method=java.util.Spliterators$IteratorSpliterator.tryAdvance(Ljava/util/function/Consumer;)Z @ 50
Event: 22.703 Thread 0x0000000017a06800 Uncommon trap: reason=bimorphic action=maybe_recompile pc=0x00000000035fefb0 method=java.util.Spliterators$IteratorSpliterator.tryAdvance(Ljava/util/function/Consumer;)Z @ 50
Event: 22.703 Thread 0x0000000017a06800 Uncommon trap: reason=bimorphic action=maybe_recompile pc=0x00000000035fefb0 method=java.util.Spliterators$IteratorSpliterator.tryAdvance(Ljava/util/function/Consumer;)Z @ 50
Event: 22.866 Thread 0x00000000179fd800 Uncommon trap: reason=class_check action=maybe_recompile pc=0x00000000042e51e8 method=java.io.FilterInputStream.read([BII)I @ 7
Event: 22.866 Thread 0x00000000179fd800 Uncommon trap: reason=class_check action=maybe_recompile pc=0x00000000042e51e8 method=java.io.FilterInputStream.read([BII)I @ 7
Event: 22.866 Thread 0x00000000179fd800 Uncommon trap: reason=class_check action=maybe_recompile pc=0x00000000042e51e8 method=java.io.FilterInputStream.read([BII)I @ 7
Event: 22.866 Thread 0x00000000179fd800 Uncommon trap: reason=unstable_if action=reinterpret pc=0x00000000041d8960 method=sun.nio.fs.WindowsPathParser.isSlash(C)Z @ 9
Event: 22.872 Thread 0x00000000179fd800 Uncommon trap: reason=class_check action=maybe_recompile pc=0x00000000042e51e8 method=java.io.FilterInputStream.read([BII)I @ 7
Event: 22.949 Thread 0x00000000179fd800 Uncommon trap: reason=unstable_if action=reinterpret pc=0x00000000042700dc method=java.io.BufferedOutputStream.write([BII)V @ 6

Classes redefined (0 events):
No events

Internal exceptions (10 events):
Event: 22.178 Thread 0x0000000019565000 Exception <a 'java/lang/NoSuchMethodError': <clinit>> (0x00000000eab327a8) thrown at [C:\src\AOSP-openjdk-git\hotspot\src\share\vm\prims\jni.cpp, line 1615]
Event: 22.268 Thread 0x0000000019565000 Exception <a 'java/lang/NoSuchMethodError': <clinit>> (0x00000000eab3f628) thrown at [C:\src\AOSP-openjdk-git\hotspot\src\share\vm\prims\jni.cpp, line 1615]
Event: 22.527 Thread 0x0000000017a06800 Exception <a 'sun/nio/fs/WindowsException'> (0x00000000f1dc2fa8) thrown at [C:\src\AOSP-openjdk-git\hotspot\src\share\vm\prims\jni.cpp, line 710]
Event: 22.527 Thread 0x0000000017a06800 Exception <a 'sun/nio/fs/WindowsException'> (0x00000000f1dc4000) thrown at [C:\src\AOSP-openjdk-git\hotspot\src\share\vm\prims\jni.cpp, line 710]
Event: 22.594 Thread 0x0000000017a06800 Exception <a 'java/lang/NoSuchMethodError': <clinit>> (0x00000000f21ae2e8) thrown at [C:\src\AOSP-openjdk-git\hotspot\src\share\vm\prims\jni.cpp, line 1615]
Event: 22.595 Thread 0x0000000017a06800 Exception <a 'java/lang/NoSuchMethodError': <clinit>> (0x00000000f21bd2f8) thrown at [C:\src\AOSP-openjdk-git\hotspot\src\share\vm\prims\jni.cpp, line 1615]
Event: 22.669 Thread 0x000000001d7ab000 Exception <a 'sun/nio/fs/WindowsException'> (0x00000000f26a2d38) thrown at [C:\src\AOSP-openjdk-git\hotspot\src\share\vm\prims\jni.cpp, line 710]
Event: 22.865 Thread 0x00000000179fd800 Exception <a 'sun/nio/fs/WindowsException'> (0x00000000f2ded320) thrown at [C:\src\AOSP-openjdk-git\hotspot\src\share\vm\prims\jni.cpp, line 710]
Event: 22.873 Thread 0x00000000179fd800 Exception <a 'sun/nio/fs/WindowsException'> (0x00000000f2e23da8) thrown at [C:\src\AOSP-openjdk-git\hotspot\src\share\vm\prims\jni.cpp, line 710]
Event: 22.950 Thread 0x00000000179fd800 Exception <a 'sun/nio/fs/WindowsException'> (0x00000000f2e71fb0) thrown at [C:\src\AOSP-openjdk-git\hotspot\src\share\vm\prims\jni.cpp, line 710]

Events (10 events):
Event: 23.138 loading class com/android/utils/GrabProcessOutput$2
Event: 23.138 loading class com/android/utils/GrabProcessOutput$2 done
Event: 23.140 Thread 0x000000001d7af800 Thread added: 0x000000001d7af800
Event: 23.140 Thread 0x000000001d7a8800 Thread added: 0x000000001d7a8800
Event: 23.143 Executing VM operation: RevokeBias
Event: 23.146 Executing VM operation: RevokeBias done
Event: 23.150 Thread 0x000000001d7b7000 Thread added: 0x000000001d7b7000
Event: 23.150 Thread 0x000000001d7b2800 Thread added: 0x000000001d7b2800
Event: 23.227 Thread 0x000000001d7ad000 DEOPT PACKING pc=0x000000000454403c sp=0x0000000022edd480
Event: 23.227 Thread 0x000000001d7ad000 DEOPT UNPACKING pc=0x00000000031175d0 sp=0x0000000022edd338 mode 0


Dynamic libraries:
0x00007ff7b29c0000 - 0x00007ff7b29f1000 	E:\Android\Android Studio2\jre\bin\java.exe
0x00007ff94eaa0000 - 0x00007ff94ec90000 	C:\WINDOWS\SYSTEM32\ntdll.dll
0x00007ff94e7c0000 - 0x00007ff94e872000 	C:\WINDOWS\System32\KERNEL32.DLL
0x00007ff94bb90000 - 0x00007ff94be34000 	C:\WINDOWS\System32\KERNELBASE.dll
0x00007ff94dbb0000 - 0x00007ff94dc53000 	C:\WINDOWS\System32\ADVAPI32.dll
0x00007ff94dc60000 - 0x00007ff94dcfe000 	C:\WINDOWS\System32\msvcrt.dll
0x00007ff94d4d0000 - 0x00007ff94d567000 	C:\WINDOWS\System32\sechost.dll
0x00007ff94de80000 - 0x00007ff94dfa0000 	C:\WINDOWS\System32\RPCRT4.dll
0x00007ff94d570000 - 0x00007ff94d704000 	C:\WINDOWS\System32\USER32.dll
0x00007ff94ca50000 - 0x00007ff94ca71000 	C:\WINDOWS\System32\win32u.dll
0x00007ff94db70000 - 0x00007ff94db96000 	C:\WINDOWS\System32\GDI32.dll
0x00007ff94c890000 - 0x00007ff94ca24000 	C:\WINDOWS\System32\gdi32full.dll
0x00007ff94ca80000 - 0x00007ff94cb1e000 	C:\WINDOWS\System32\msvcp_win.dll
0x00007ff94be90000 - 0x00007ff94bf8a000 	C:\WINDOWS\System32\ucrtbase.dll
0x00007ff93b850000 - 0x00007ff93bad4000 	C:\WINDOWS\WinSxS\amd64_microsoft.windows.common-controls_6595b64144ccf1df_6.0.18362.836_none_e6c4b943130f18ed\COMCTL32.dll
0x00007ff94cc30000 - 0x00007ff94cf66000 	C:\WINDOWS\System32\combase.dll
0x00007ff94bb10000 - 0x00007ff94bb90000 	C:\WINDOWS\System32\bcryptPrimitives.dll
0x00007ff94de50000 - 0x00007ff94de7e000 	C:\WINDOWS\System32\IMM32.DLL
0x0000000072c30000 - 0x0000000072d02000 	E:\Android\Android Studio2\jre\jre\bin\msvcr100.dll
0x0000000072d10000 - 0x000000007355b000 	E:\Android\Android Studio2\jre\jre\bin\server\jvm.dll
0x00007ff94cfe0000 - 0x00007ff94cfe8000 	C:\WINDOWS\System32\PSAPI.DLL
0x00007ff948b50000 - 0x00007ff948b74000 	C:\WINDOWS\SYSTEM32\WINMM.dll
0x00007ff948b20000 - 0x00007ff948b4d000 	C:\WINDOWS\SYSTEM32\WINMMBASE.dll
0x00007ff94be40000 - 0x00007ff94be8a000 	C:\WINDOWS\System32\cfgmgr32.dll
0x00007ff93d830000 - 0x00007ff93d83a000 	C:\WINDOWS\SYSTEM32\VERSION.dll
0x00007ff93a7e0000 - 0x00007ff93a7e9000 	C:\WINDOWS\SYSTEM32\WSOCK32.dll
0x00007ff94cf70000 - 0x00007ff94cfdf000 	C:\WINDOWS\System32\WS2_32.dll
0x00007ff945fa0000 - 0x00007ff945faf000 	E:\Android\Android Studio2\jre\jre\bin\verify.dll
0x00007ff9451f0000 - 0x00007ff945219000 	E:\Android\Android Studio2\jre\jre\bin\java.dll
0x00007ff9451d0000 - 0x00007ff9451e6000 	E:\Android\Android Studio2\jre\jre\bin\zip.dll
0x00007ff94dfa0000 - 0x00007ff94e684000 	C:\WINDOWS\System32\SHELL32.dll
0x00007ff94e880000 - 0x00007ff94e929000 	C:\WINDOWS\System32\shcore.dll
0x00007ff94bf90000 - 0x00007ff94c70e000 	C:\WINDOWS\System32\windows.storage.dll
0x00007ff94ba90000 - 0x00007ff94bab3000 	C:\WINDOWS\System32\profapi.dll
0x00007ff94bac0000 - 0x00007ff94bb0a000 	C:\WINDOWS\System32\powrprof.dll
0x00007ff94ba40000 - 0x00007ff94ba50000 	C:\WINDOWS\System32\UMPDC.dll
0x00007ff94e930000 - 0x00007ff94e982000 	C:\WINDOWS\System32\shlwapi.dll
0x00007ff94ba50000 - 0x00007ff94ba61000 	C:\WINDOWS\System32\kernel.appcore.dll
0x00007ff94ca30000 - 0x00007ff94ca47000 	C:\WINDOWS\System32\cryptsp.dll
0x00007ff93f4b0000 - 0x00007ff93f4ca000 	E:\Android\Android Studio2\jre\jre\bin\net.dll
0x00007ff94b250000 - 0x00007ff94b2b7000 	C:\WINDOWS\system32\mswsock.dll
0x00007ff93ed40000 - 0x00007ff93ed53000 	E:\Android\Android Studio2\jre\jre\bin\nio.dll
0x00007ff935960000 - 0x00007ff935986000 	C:\Users\LUCKY\.gradle\native\31\windows-amd64\native-platform.dll
0x00007ff93f4a0000 - 0x00007ff93f4ad000 	E:\Android\Android Studio2\jre\jre\bin\management.dll
0x00007ff94adc0000 - 0x00007ff94adf3000 	C:\WINDOWS\system32\rsaenh.dll
0x00007ff94c710000 - 0x00007ff94c736000 	C:\WINDOWS\System32\bcrypt.dll
0x00007ff94b930000 - 0x00007ff94b955000 	C:\WINDOWS\SYSTEM32\USERENV.dll
0x00007ff94b420000 - 0x00007ff94b42c000 	C:\WINDOWS\SYSTEM32\CRYPTBASE.dll
0x00007ff94af60000 - 0x00007ff94af9a000 	C:\WINDOWS\SYSTEM32\IPHLPAPI.DLL
0x00007ff94dd00000 - 0x00007ff94dd08000 	C:\WINDOWS\System32\NSI.dll
0x00007ff942ca0000 - 0x00007ff942cb6000 	C:\WINDOWS\SYSTEM32\dhcpcsvc6.DLL
0x00007ff942ec0000 - 0x00007ff942edc000 	C:\WINDOWS\SYSTEM32\dhcpcsvc.DLL
0x00007ff94afa0000 - 0x00007ff94b06b000 	C:\WINDOWS\SYSTEM32\DNSAPI.dll

VM Arguments:
jvm_args: -Xmx1024m -Dfile.encoding=windows-1252 -Duser.country=US -Duser.language=en -Duser.variant 
java_command: org.gradle.launcher.daemon.bootstrap.GradleDaemon 6.1.1
java_class_path (initial): C:\Users\LUCKY\.gradle\wrapper\dists\gradle-6.1.1-all\cfmwm155h49vnt3hynmlrsdst\gradle-6.1.1\lib\gradle-launcher-6.1.1.jar
Launcher Type: SUN_STANDARD

Environment Variables:
PATH=C:\Program Files\Common Files\Oracle\Java\javapath;C:\WINDOWS\system32;C:\WINDOWS;C:\WINDOWS\System32\Wbem;C:\WINDOWS\System32\WindowsPowerShell\v1.0\;C:\Program Files\Java\jdk1.8.0_241\bin;C:\WINDOWS\System32\OpenSSH\;E:\Git\cmd;C:\Users\LUCKY\AppData\Local\Microsoft\WindowsApps;
USERNAME=LUCKY
OS=Windows_NT
PROCESSOR_IDENTIFIER=Intel64 Family 6 Model 61 Stepping 4, GenuineIntel



---------------  S Y S T E M  ---------------

OS: Windows 10.0 , 64 bit Build 18362 (10.0.18362.778)

CPU:total 4 (initial active 4) (2 cores per cpu, 2 threads per core) family 6 model 61 stepping 4, cmov, cx8, fxsr, mmx, sse, sse2, sse3, ssse3, sse4.1, sse4.2, popcnt, avx, avx2, aes, clmul, erms, 3dnowpref, lzcnt, ht, tsc, tscinvbit, bmi1, bmi2, adx

Memory: 4k page, physical 4107804k(597364k free), swap 4185400k(3064k free)

vm_info: OpenJDK 64-Bit Server VM (25.242-b01) for windows-amd64 JRE (1.8.0_242-release-1644-b01), built by "builder" with MS VC++ 10.0 (VS2010)

time: Mon Nov 16 23:11:52 2020
timezone: Pakistan Standard Time
elapsed time: 23 seconds (0d 0h 0m 23s)

