#
# There is insufficient memory for the Java Runtime Environment to continue.
# Native memory allocation (malloc) failed to allocate 842256 bytes for Chunk::new
# Possible reasons:
#   The system is out of physical RAM or swap space
#   The process is running with CompressedOops enabled, and the Java Heap may be blocking the growth of the native heap
# Possible solutions:
#   Reduce memory load on the system
#   Increase physical memory or swap space
#   Check if swap backing store is full
#   Decrease Java heap size (-Xmx/-Xms)
#   Decrease number of Java threads
#   Decrease Java thread stack sizes (-Xss)
#   Set larger code cache with -XX:ReservedCodeCacheSize=
#   JVM is running with Unscaled Compressed Oops mode in which the Java heap is
#     placed in the first 4GB address space. The Java Heap base address is the
#     maximum limit for the native heap growth. Please use -XX:HeapBaseMinAddress
#     to set the Java Heap base and to place the Java Heap above 4GB virtual address.
# This output file may be truncated or incomplete.
#
#  Out of Memory Error (allocation.cpp:389), pid=1872, tid=0x00000000000019c0
#
# JRE version: OpenJDK Runtime Environment (8.0_242-b01) (build 1.8.0_242-release-1644-b01)
# Java VM: OpenJDK 64-Bit Server VM (25.242-b01 mixed mode windows-amd64 compressed oops)
# Failed to write core dump. Minidumps are not enabled by default on client versions of Windows
#

---------------  T H R E A D  ---------------

Current thread (0x0000000014d73000):  JavaThread "C2 CompilerThread0" daemon [_thread_in_native, id=6592, stack(0x00000000163d0000,0x00000000164d0000)]

Stack: [0x00000000163d0000,0x00000000164d0000]
[error occurred during error reporting (printing stack bounds), id 0xc0000005]

Native frames: (J=compiled Java code, j=interpreted, Vv=VM code, C=native code)


Current CompileTask:
C2:   7463 3415       4       org.objectweb.asm.Frame::execute (2318 bytes)


---------------  P R O C E S S  ---------------

Java Threads: ( => current thread )
  0x000000001afff800 JavaThread "Build operations Thread 4" [_thread_blocked, id=2768, stack(0x000000001f8b0000,0x000000001f9b0000)]
  0x000000001b002800 JavaThread "Build operations Thread 3" [_thread_blocked, id=10336, stack(0x000000001f7b0000,0x000000001f8b0000)]
  0x000000001b006800 JavaThread "Build operations Thread 2" [_thread_blocked, id=11040, stack(0x000000001f6b0000,0x000000001f7b0000)]
  0x000000001b005800 JavaThread "Build operations" [_thread_blocked, id=3104, stack(0x000000001f3b0000,0x000000001f4b0000)]
  0x0000000018b98000 JavaThread "Cache worker for execution history cache (C:\Users\LUCKY\.gradle\caches\6.1.1\executionHistory)" [_thread_blocked, id=10708, stack(0x000000001e740000,0x000000001e840000)]
  0x0000000018b97800 JavaThread "Cache worker for cache directory md-rule (C:\Users\LUCKY\.gradle\caches\6.1.1\md-rule)" [_thread_blocked, id=2700, stack(0x000000001d3a0000,0x000000001d4a0000)]
  0x0000000018b94800 JavaThread "Cache worker for cache directory md-supplier (C:\Users\LUCKY\.gradle\caches\6.1.1\md-supplier)" [_thread_blocked, id=8024, stack(0x000000001d0f0000,0x000000001d1f0000)]
  0x0000000018b93800 JavaThread "Cache worker for file hash cache (E:\Intent\.gradle\6.1.1\fileHashes)" [_thread_blocked, id=2296, stack(0x000000001d2a0000,0x000000001d3a0000)]
  0x0000000018b95000 JavaThread "Cache worker for checksums cache (E:\Intent\.gradle\checksums)" [_thread_blocked, id=6384, stack(0x000000001abf0000,0x000000001acf0000)]
  0x0000000018b96000 JavaThread "Cache worker for file hash cache (C:\Users\LUCKY\.gradle\caches\6.1.1\fileHashes)" [_thread_blocked, id=5740, stack(0x000000001aaf0000,0x000000001abf0000)]
  0x0000000018b96800 JavaThread "File lock request listener" [_thread_in_native, id=11012, stack(0x000000001a9f0000,0x000000001aaf0000)]
  0x0000000018a1c000 JavaThread "Cache worker for journal cache (C:\Users\LUCKY\.gradle\caches\journal-1)" [_thread_blocked, id=11144, stack(0x000000001a8f0000,0x000000001a9f0000)]
  0x00000000188b6000 JavaThread "Thread-9" [_thread_blocked, id=7280, stack(0x000000001a5f0000,0x000000001a6f0000)]
  0x00000000188b3800 JavaThread "Stdin handler" [_thread_blocked, id=2472, stack(0x000000001a4f0000,0x000000001a5f0000)]
  0x00000000188c0000 JavaThread "Asynchronous log dispatcher for DefaultDaemonConnection: socket connection from /127.0.0.1:50945 to /127.0.0.1:50946" [_thread_blocked, id=4668, stack(0x000000001a3f0000,0x000000001a4f0000)]
  0x00000000188a8000 JavaThread "Daemon worker" [_thread_in_vm, id=8704, stack(0x000000001a2f0000,0x000000001a3f0000)]
  0x00000000188b0800 JavaThread "Cancel handler" [_thread_blocked, id=8852, stack(0x000000001a1f0000,0x000000001a2f0000)]
  0x0000000018883800 JavaThread "Handler for socket connection from /127.0.0.1:50945 to /127.0.0.1:50946" [_thread_in_native, id=10388, stack(0x0000000019ef0000,0x0000000019ff0000)]
  0x0000000018883000 JavaThread "Daemon" [_thread_blocked, id=252, stack(0x0000000019df0000,0x0000000019ef0000)]
  0x000000001880a000 JavaThread "Daemon periodic checks" [_thread_blocked, id=8224, stack(0x0000000019cf0000,0x0000000019df0000)]
  0x0000000018808000 JavaThread "Incoming local TCP Connector on port 50945" [_thread_in_native, id=9792, stack(0x0000000019ab0000,0x0000000019bb0000)]
  0x0000000018747000 JavaThread "Daemon health stats" [_thread_blocked, id=2432, stack(0x0000000019470000,0x0000000019570000)]
  0x0000000016708800 JavaThread "Service Thread" daemon [_thread_blocked, id=6376, stack(0x0000000016ad0000,0x0000000016bd0000)]
  0x0000000014d8a000 JavaThread "C1 CompilerThread2" daemon [_thread_blocked, id=11236, stack(0x00000000165d0000,0x00000000166d0000)]
  0x0000000014d78000 JavaThread "C2 CompilerThread1" daemon [_thread_in_native, id=3684, stack(0x00000000164d0000,0x00000000165d0000)]
=>0x0000000014d73000 JavaThread "C2 CompilerThread0" daemon [_thread_in_native, id=6592, stack(0x00000000163d0000,0x00000000164d0000)]
  0x0000000014d71800 JavaThread "Attach Listener" daemon [_thread_blocked, id=3108, stack(0x00000000162d0000,0x00000000163d0000)]
  0x0000000014d70800 JavaThread "Signal Dispatcher" daemon [_thread_blocked, id=8716, stack(0x00000000161d0000,0x00000000162d0000)]
  0x0000000002699800 JavaThread "Finalizer" daemon [_thread_blocked, id=11416, stack(0x0000000015fd0000,0x00000000160d0000)]
  0x0000000002691000 JavaThread "Reference Handler" daemon [_thread_blocked, id=12148, stack(0x0000000015ed0000,0x0000000015fd0000)]
  0x000000000249d800 JavaThread "main" [_thread_blocked, id=6256, stack(0x00000000024a0000,0x00000000025a0000)]

Other Threads:
  0x0000000014d36000 VMThread [stack: 0x0000000015dd0000,0x0000000015ed0000] [id=4184]
  0x0000000014dcc000 WatcherThread [stack: 0x0000000016bd0000,0x0000000016cd0000] [id=6548]

VM state:not at safepoint (normal execution)

VM Mutex/Monitor currently owned by a thread: None

heap address: 0x00000000c0000000, size: 1024 MB, Compressed Oops mode: 32-bit
Narrow klass base: 0x0000000000000000, Narrow klass shift: 3
Compressed class space size: 1073741824 Address: 0x0000000100000000

Heap:
 PSYoungGen      total 201728K, used 44723K [0x00000000eab00000, 0x00000000f7e00000, 0x0000000100000000)
  eden space 189440K, 23% used [0x00000000eab00000,0x00000000ed6acef0,0x00000000f6400000)
  from space 12288K, 0% used [0x00000000f7180000,0x00000000f7180000,0x00000000f7d80000)
  to   space 13312K, 0% used [0x00000000f6400000,0x00000000f6400000,0x00000000f7100000)
 ParOldGen       total 46080K, used 15518K [0x00000000c0000000, 0x00000000c2d00000, 0x00000000eab00000)
  object space 46080K, 33% used [0x00000000c0000000,0x00000000c0f27aa8,0x00000000c2d00000)
 Metaspace       used 36078K, capacity 37268K, committed 37544K, reserved 1081344K
  class space    used 4981K, capacity 5271K, committed 5296K, reserved 1048576K

Card table byte_map: [0x0000000011a60000,0x0000000011c70000] byte_map_base: 0x0000000011460000

Marking Bits: (ParMarkBitMap*) 0x0000000061e4f030
 Begin Bits: [0x00000000121d0000, 0x00000000131d0000)
 End Bits:   [0x00000000131d0000, 0x00000000141d0000)

Polling page: 0x00000000007d0000

CodeCache: size=245760Kb used=11372Kb max_used=11898Kb free=234387Kb
 bounds [0x00000000026a0000, 0x0000000003250000, 0x00000000116a0000]
 total_blobs=3964 nmethods=3261 adapters=616
 compilation: enabled

Compilation events (10 events):
Event: 7.443 Thread 0x0000000014d8a000 3457       1       org.gradle.tooling.internal.provider.runner.SubtreeFilteringBuildOperationListener::isEnabled (5 bytes)
Event: 7.443 Thread 0x0000000014d8a000 nmethod 3457 0x0000000002c1e8d0 code [0x0000000002c1ea20, 0x0000000002c1eb30]
Event: 7.443 Thread 0x0000000014d8a000 3463       1       org.gradle.internal.instantiation.generator.AbstractClassGenerator$GeneratedClassImpl::getConstructors (5 bytes)
Event: 7.443 Thread 0x0000000014d8a000 nmethod 3463 0x00000000027baed0 code [0x00000000027bb020, 0x00000000027bb130]
Event: 7.444 Thread 0x0000000014d8a000 3459       1       org.gradle.api.internal.collections.SortedSetElementSource::getMutationGuard (5 bytes)
Event: 7.444 Thread 0x0000000014d8a000 nmethod 3459 0x00000000027c3390 code [0x00000000027c34e0, 0x00000000027c35f0]
Event: 7.446 Thread 0x0000000014d8a000 3465       3       org.gradle.api.internal.initialization.ClassLoaderScopeIdentifier::hashCode (23 bytes)
Event: 7.447 Thread 0x0000000014d8a000 nmethod 3465 0x00000000027b6ed0 code [0x00000000027b7080, 0x00000000027b7588]
Event: 7.453 Thread 0x0000000014d8a000 3467       3       org.codehaus.groovy.reflection.stdclasses.CachedSAMClass::isAssignableFrom (30 bytes)
Event: 7.453 Thread 0x0000000014d8a000 nmethod 3467 0x000000000290ecd0 code [0x000000000290ee60, 0x000000000290f338]

GC Heap History (10 events):
Event: 3.950 GC heap before
{Heap before GC invocations=8 (full 0):
 PSYoungGen      total 71680K, used 9791K [0x00000000eab00000, 0x00000000f3c00000, 0x0000000100000000)
  eden space 64512K, 4% used [0x00000000eab00000,0x00000000ead91ef0,0x00000000eea00000)
  from space 7168K, 99% used [0x00000000eea00000,0x00000000ef0fdd28,0x00000000ef100000)
  to   space 9728K, 0% used [0x00000000f3280000,0x00000000f3280000,0x00000000f3c00000)
 ParOldGen       total 44032K, used 8055K [0x00000000c0000000, 0x00000000c2b00000, 0x00000000eab00000)
  object space 44032K, 18% used [0x00000000c0000000,0x00000000c07ddf90,0x00000000c2b00000)
 Metaspace       used 20643K, capacity 21256K, committed 21296K, reserved 1067008K
  class space    used 2894K, capacity 3116K, committed 3120K, reserved 1048576K
Event: 3.960 GC heap after
Heap after GC invocations=8 (full 0):
 PSYoungGen      total 138752K, used 3876K [0x00000000eab00000, 0x00000000f3c00000, 0x0000000100000000)
  eden space 129024K, 0% used [0x00000000eab00000,0x00000000eab00000,0x00000000f2900000)
  from space 9728K, 39% used [0x00000000f3280000,0x00000000f3649050,0x00000000f3c00000)
  to   space 9728K, 0% used [0x00000000f2900000,0x00000000f2900000,0x00000000f3280000)
 ParOldGen       total 44032K, used 8615K [0x00000000c0000000, 0x00000000c2b00000, 0x00000000eab00000)
  object space 44032K, 19% used [0x00000000c0000000,0x00000000c0869f90,0x00000000c2b00000)
 Metaspace       used 20643K, capacity 21256K, committed 21296K, reserved 1067008K
  class space    used 2894K, capacity 3116K, committed 3120K, reserved 1048576K
}
Event: 3.960 GC heap before
{Heap before GC invocations=9 (full 1):
 PSYoungGen      total 138752K, used 3876K [0x00000000eab00000, 0x00000000f3c00000, 0x0000000100000000)
  eden space 129024K, 0% used [0x00000000eab00000,0x00000000eab00000,0x00000000f2900000)
  from space 9728K, 39% used [0x00000000f3280000,0x00000000f3649050,0x00000000f3c00000)
  to   space 9728K, 0% used [0x00000000f2900000,0x00000000f2900000,0x00000000f3280000)
 ParOldGen       total 44032K, used 8615K [0x00000000c0000000, 0x00000000c2b00000, 0x00000000eab00000)
  object space 44032K, 19% used [0x00000000c0000000,0x00000000c0869f90,0x00000000c2b00000)
 Metaspace       used 20643K, capacity 21256K, committed 21296K, reserved 1067008K
  class space    used 2894K, capacity 3116K, committed 3120K, reserved 1048576K
Event: 4.024 GC heap after
Heap after GC invocations=9 (full 1):
 PSYoungGen      total 138752K, used 0K [0x00000000eab00000, 0x00000000f3c00000, 0x0000000100000000)
  eden space 129024K, 0% used [0x00000000eab00000,0x00000000eab00000,0x00000000f2900000)
  from space 9728K, 0% used [0x00000000f3280000,0x00000000f3280000,0x00000000f3c00000)
  to   space 9728K, 0% used [0x00000000f2900000,0x00000000f2900000,0x00000000f3280000)
 ParOldGen       total 30208K, used 6949K [0x00000000c0000000, 0x00000000c1d80000, 0x00000000eab00000)
  object space 30208K, 23% used [0x00000000c0000000,0x00000000c06c9790,0x00000000c1d80000)
 Metaspace       used 20643K, capacity 21256K, committed 21296K, reserved 1067008K
  class space    used 2894K, capacity 3116K, committed 3120K, reserved 1048576K
}
Event: 5.934 GC heap before
{Heap before GC invocations=10 (full 1):
 PSYoungGen      total 138752K, used 129024K [0x00000000eab00000, 0x00000000f3c00000, 0x0000000100000000)
  eden space 129024K, 100% used [0x00000000eab00000,0x00000000f2900000,0x00000000f2900000)
  from space 9728K, 0% used [0x00000000f3280000,0x00000000f3280000,0x00000000f3c00000)
  to   space 9728K, 0% used [0x00000000f2900000,0x00000000f2900000,0x00000000f3280000)
 ParOldGen       total 30208K, used 6949K [0x00000000c0000000, 0x00000000c1d80000, 0x00000000eab00000)
  object space 30208K, 23% used [0x00000000c0000000,0x00000000c06c9790,0x00000000c1d80000)
 Metaspace       used 32175K, capacity 32920K, committed 33072K, reserved 1077248K
  class space    used 4389K, capacity 4609K, committed 4656K, reserved 1048576K
Event: 5.959 GC heap after
Heap after GC invocations=10 (full 1):
 PSYoungGen      total 138752K, used 9715K [0x00000000eab00000, 0x00000000f7d80000, 0x0000000100000000)
  eden space 129024K, 0% used [0x00000000eab00000,0x00000000eab00000,0x00000000f2900000)
  from space 9728K, 99% used [0x00000000f2900000,0x00000000f327cd30,0x00000000f3280000)
  to   space 12288K, 0% used [0x00000000f7180000,0x00000000f7180000,0x00000000f7d80000)
 ParOldGen       total 30208K, used 10473K [0x00000000c0000000, 0x00000000c1d80000, 0x00000000eab00000)
  object space 30208K, 34% used [0x00000000c0000000,0x00000000c0a3a568,0x00000000c1d80000)
 Metaspace       used 32175K, capacity 32920K, committed 33072K, reserved 1077248K
  class space    used 4389K, capacity 4609K, committed 4656K, reserved 1048576K
}
Event: 6.550 GC heap before
{Heap before GC invocations=11 (full 1):
 PSYoungGen      total 138752K, used 59933K [0x00000000eab00000, 0x00000000f7d80000, 0x0000000100000000)
  eden space 129024K, 38% used [0x00000000eab00000,0x00000000edc0a9b8,0x00000000f2900000)
  from space 9728K, 99% used [0x00000000f2900000,0x00000000f327cd30,0x00000000f3280000)
  to   space 12288K, 0% used [0x00000000f7180000,0x00000000f7180000,0x00000000f7d80000)
 ParOldGen       total 30208K, used 10473K [0x00000000c0000000, 0x00000000c1d80000, 0x00000000eab00000)
  object space 30208K, 34% used [0x00000000c0000000,0x00000000c0a3a568,0x00000000c1d80000)
 Metaspace       used 34592K, capacity 35414K, committed 35496K, reserved 1079296K
  class space    used 4745K, capacity 4972K, committed 5040K, reserved 1048576K
Event: 6.568 GC heap after
Heap after GC invocations=11 (full 1):
 PSYoungGen      total 201728K, used 8987K [0x00000000eab00000, 0x00000000f7e00000, 0x0000000100000000)
  eden space 189440K, 0% used [0x00000000eab00000,0x00000000eab00000,0x00000000f6400000)
  from space 12288K, 73% used [0x00000000f7180000,0x00000000f7a46f58,0x00000000f7d80000)
  to   space 13312K, 0% used [0x00000000f6400000,0x00000000f6400000,0x00000000f7100000)
 ParOldGen       total 30208K, used 10481K [0x00000000c0000000, 0x00000000c1d80000, 0x00000000eab00000)
  object space 30208K, 34% used [0x00000000c0000000,0x00000000c0a3c568,0x00000000c1d80000)
 Metaspace       used 34592K, capacity 35414K, committed 35496K, reserved 1079296K
  class space    used 4745K, capacity 4972K, committed 5040K, reserved 1048576K
}
Event: 6.568 GC heap before
{Heap before GC invocations=12 (full 2):
 PSYoungGen      total 201728K, used 8987K [0x00000000eab00000, 0x00000000f7e00000, 0x0000000100000000)
  eden space 189440K, 0% used [0x00000000eab00000,0x00000000eab00000,0x00000000f6400000)
  from space 12288K, 73% used [0x00000000f7180000,0x00000000f7a46f58,0x00000000f7d80000)
  to   space 13312K, 0% used [0x00000000f6400000,0x00000000f6400000,0x00000000f7100000)
 ParOldGen       total 30208K, used 10481K [0x00000000c0000000, 0x00000000c1d80000, 0x00000000eab00000)
  object space 30208K, 34% used [0x00000000c0000000,0x00000000c0a3c568,0x00000000c1d80000)
 Metaspace       used 34592K, capacity 35414K, committed 35496K, reserved 1079296K
  class space    used 4745K, capacity 4972K, committed 5040K, reserved 1048576K
Event: 6.666 GC heap after
Heap after GC invocations=12 (full 2):
 PSYoungGen      total 201728K, used 0K [0x00000000eab00000, 0x00000000f7e00000, 0x0000000100000000)
  eden space 189440K, 0% used [0x00000000eab00000,0x00000000eab00000,0x00000000f6400000)
  from space 12288K, 0% used [0x00000000f7180000,0x00000000f7180000,0x00000000f7d80000)
  to   space 13312K, 0% used [0x00000000f6400000,0x00000000f6400000,0x00000000f7100000)
 ParOldGen       total 46080K, used 15518K [0x00000000c0000000, 0x00000000c2d00000, 0x00000000eab00000)
  object space 46080K, 33% used [0x00000000c0000000,0x00000000c0f27aa8,0x00000000c2d00000)
 Metaspace       used 34592K, capacity 35414K, committed 35496K, reserved 1079296K
  class space    used 4745K, capacity 4972K, committed 5040K, reserved 1048576K
}

Deoptimization events (10 events):
Event: 6.943 Thread 0x000000001b006800 Uncommon trap: reason=bimorphic action=maybe_recompile pc=0x0000000002d6a82c method=java.io.BufferedInputStream.read([BII)I @ 101
Event: 6.976 Thread 0x000000001b005800 Uncommon trap: reason=unstable_if action=reinterpret pc=0x0000000002c930b8 method=java.util.concurrent.ConcurrentHashMap.putVal(Ljava/lang/Object;Ljava/lang/Object;Z)Ljava/lang/Object; @ 113
Event: 6.976 Thread 0x000000001b005800 Uncommon trap: reason=unstable_if action=reinterpret pc=0x0000000002ba678c method=java.util.concurrent.ConcurrentHashMap.transfer([Ljava/util/concurrent/ConcurrentHashMap$Node;[Ljava/util/concurrent/ConcurrentHashMap$Node;)V @ 34
Event: 6.977 Thread 0x000000001b006800 Uncommon trap: reason=unstable_if action=reinterpret pc=0x0000000002b5e594 method=java.util.concurrent.ConcurrentHashMap.addCount(JI)V @ 168
Event: 6.980 Thread 0x000000001b006800 Uncommon trap: reason=unstable_if action=reinterpret pc=0x00000000030f5420 method=java.util.concurrent.ConcurrentHashMap.get(Ljava/lang/Object;)Ljava/lang/Object; @ 86
Event: 6.982 Thread 0x000000001afff800 Uncommon trap: reason=unstable_if action=reinterpret pc=0x0000000002ba67bc method=java.util.concurrent.ConcurrentHashMap.transfer([Ljava/util/concurrent/ConcurrentHashMap$Node;[Ljava/util/concurrent/ConcurrentHashMap$Node;)V @ 277
Event: 6.983 Thread 0x000000001afff800 Uncommon trap: reason=unstable_if action=reinterpret pc=0x0000000002c931d4 method=java.util.concurrent.ConcurrentHashMap.addCount(JI)V @ 168
Event: 7.213 Thread 0x00000000188a8000 Uncommon trap: reason=unstable_if action=reinterpret pc=0x0000000002a0242c method=java.util.jar.JarFile.match([C[B[I[I)Z @ 29
Event: 7.316 Thread 0x00000000188a8000 Uncommon trap: reason=range_check action=make_not_entrant pc=0x0000000003095db8 method=java.lang.String.charAt(I)C @ 27
Event: 7.412 Thread 0x00000000188a8000 Uncommon trap: reason=unstable_if action=reinterpret pc=0x0000000003082610 method=java.util.regex.Pattern.has(I)Z @ 6

Classes redefined (0 events):
No events

Internal exceptions (10 events):
Event: 7.416 Thread 0x00000000188b6000 Exception <a 'java/lang/NoSuchMethodError': <clinit>> (0x00000000eab086a8) thrown at [C:\src\AOSP-openjdk-git\hotspot\src\share\vm\prims\jni.cpp, line 1615]
Event: 7.419 Thread 0x00000000188b6000 Exception <a 'java/lang/NoSuchMethodError': <clinit>> (0x00000000eab25c28) thrown at [C:\src\AOSP-openjdk-git\hotspot\src\share\vm\prims\jni.cpp, line 1615]
Event: 7.421 Thread 0x00000000188b6000 Exception <a 'java/lang/NoSuchMethodError': <clinit>> (0x00000000eab27160) thrown at [C:\src\AOSP-openjdk-git\hotspot\src\share\vm\prims\jni.cpp, line 1615]
Event: 7.421 Thread 0x00000000188b6000 Exception <a 'java/lang/NoSuchMethodError': <clinit>> (0x00000000eab28a58) thrown at [C:\src\AOSP-openjdk-git\hotspot\src\share\vm\prims\jni.cpp, line 1615]
Event: 7.421 Thread 0x00000000188b6000 Exception <a 'java/lang/NoSuchMethodError': <clinit>> (0x00000000eab29f80) thrown at [C:\src\AOSP-openjdk-git\hotspot\src\share\vm\prims\jni.cpp, line 1615]
Event: 7.424 Thread 0x00000000188b6000 Exception <a 'java/lang/NoSuchMethodError': <clinit>> (0x00000000eab341f0) thrown at [C:\src\AOSP-openjdk-git\hotspot\src\share\vm\prims\jni.cpp, line 1615]
Event: 7.425 Thread 0x00000000188b6000 Exception <a 'java/lang/NoSuchMethodError': <clinit>> (0x00000000eab3f110) thrown at [C:\src\AOSP-openjdk-git\hotspot\src\share\vm\prims\jni.cpp, line 1615]
Event: 7.428 Thread 0x00000000188b6000 Exception <a 'java/lang/NoSuchMethodError': <clinit>> (0x00000000eab52518) thrown at [C:\src\AOSP-openjdk-git\hotspot\src\share\vm\prims\jni.cpp, line 1615]
Event: 7.455 Thread 0x00000000188a8000 Exception <a 'java/lang/ClassNotFoundException': build_8widrdy1i8zx6qo2tt6r213onBeanInfo> (0x00000000ed41f8e8) thrown at [C:\src\AOSP-openjdk-git\hotspot\src\share\vm\classfile\systemDictionary.cpp, line 210]
Event: 7.457 Thread 0x00000000188a8000 Exception <a 'java/lang/ClassNotFoundException': build_8widrdy1i8zx6qo2tt6r213onCustomizer> (0x00000000ed42ca88) thrown at [C:\src\AOSP-openjdk-git\hotspot\src\share\vm\classfile\systemDictionary.cpp, line 210]

Events (10 events):
Event: 7.450 loading class groovy/runtime/metaclass/build_8widrdy1i8zx6qo2tt6r213onMetaClass
Event: 7.450 loading class groovy/runtime/metaclass/build_8widrdy1i8zx6qo2tt6r213onMetaClass done
Event: 7.455 loading class build_8widrdy1i8zx6qo2tt6r213onBeanInfo
Event: 7.455 loading class build_8widrdy1i8zx6qo2tt6r213onBeanInfo done
Event: 7.455 loading class build_8widrdy1i8zx6qo2tt6r213onBeanInfo
Event: 7.455 loading class build_8widrdy1i8zx6qo2tt6r213onBeanInfo done
Event: 7.456 loading class build_8widrdy1i8zx6qo2tt6r213onCustomizer
Event: 7.456 loading class build_8widrdy1i8zx6qo2tt6r213onCustomizer done
Event: 7.457 loading class build_8widrdy1i8zx6qo2tt6r213onCustomizer
Event: 7.457 loading class build_8widrdy1i8zx6qo2tt6r213onCustomizer done


Dynamic libraries:
0x00007ff7c3a80000 - 0x00007ff7c3ab1000 	E:\Android\Android Studio2\jre\bin\java.exe
0x00007ffe97a00000 - 0x00007ffe97bf0000 	C:\WINDOWS\SYSTEM32\ntdll.dll
0x00007ffe96980000 - 0x00007ffe96a32000 	C:\WINDOWS\System32\KERNEL32.DLL
0x00007ffe94a10000 - 0x00007ffe94cb4000 	C:\WINDOWS\System32\KERNELBASE.dll
0x00007ffe96dd0000 - 0x00007ffe96e73000 	C:\WINDOWS\System32\ADVAPI32.dll
0x00007ffe97780000 - 0x00007ffe9781e000 	C:\WINDOWS\System32\msvcrt.dll
0x00007ffe96680000 - 0x00007ffe96717000 	C:\WINDOWS\System32\sechost.dll
0x00007ffe97590000 - 0x00007ffe976b0000 	C:\WINDOWS\System32\RPCRT4.dll
0x00007ffe97820000 - 0x00007ffe979b4000 	C:\WINDOWS\System32\USER32.dll
0x00007ffe957e0000 - 0x00007ffe95801000 	C:\WINDOWS\System32\win32u.dll
0x00007ffe95bc0000 - 0x00007ffe95be6000 	C:\WINDOWS\System32\GDI32.dll
0x00007ffe95870000 - 0x00007ffe95a04000 	C:\WINDOWS\System32\gdi32full.dll
0x00007ffe94d90000 - 0x00007ffe94e2e000 	C:\WINDOWS\System32\msvcp_win.dll
0x00007ffe95a10000 - 0x00007ffe95b0a000 	C:\WINDOWS\System32\ucrtbase.dll
0x00007ffe848c0000 - 0x00007ffe84b44000 	C:\WINDOWS\WinSxS\amd64_microsoft.windows.common-controls_6595b64144ccf1df_6.0.18362.836_none_e6c4b943130f18ed\COMCTL32.dll
0x00007ffe96340000 - 0x00007ffe96676000 	C:\WINDOWS\System32\combase.dll
0x00007ffe94d10000 - 0x00007ffe94d90000 	C:\WINDOWS\System32\bcryptPrimitives.dll
0x00007ffe96750000 - 0x00007ffe9677e000 	C:\WINDOWS\System32\IMM32.DLL
0x00000000615a0000 - 0x0000000061672000 	E:\Android\Android Studio2\jre\jre\bin\msvcr100.dll
0x0000000061680000 - 0x0000000061ecb000 	E:\Android\Android Studio2\jre\jre\bin\server\jvm.dll
0x00007ffe97580000 - 0x00007ffe97588000 	C:\WINDOWS\System32\PSAPI.DLL
0x00007ffe86660000 - 0x00007ffe8666a000 	C:\WINDOWS\SYSTEM32\VERSION.dll
0x00007ffe92380000 - 0x00007ffe923a4000 	C:\WINDOWS\SYSTEM32\WINMM.dll
0x00007ffe818b0000 - 0x00007ffe818b9000 	C:\WINDOWS\SYSTEM32\WSOCK32.dll
0x00007ffe974a0000 - 0x00007ffe9750f000 	C:\WINDOWS\System32\WS2_32.dll
0x00007ffe92350000 - 0x00007ffe9237d000 	C:\WINDOWS\SYSTEM32\WINMMBASE.dll
0x00007ffe94cc0000 - 0x00007ffe94d0a000 	C:\WINDOWS\System32\cfgmgr32.dll
0x00007ffe908b0000 - 0x00007ffe908bf000 	E:\Android\Android Studio2\jre\jre\bin\verify.dll
0x00007ffe8ef10000 - 0x00007ffe8ef39000 	E:\Android\Android Studio2\jre\jre\bin\java.dll
0x00007ffe8dfd0000 - 0x00007ffe8dfe6000 	E:\Android\Android Studio2\jre\jre\bin\zip.dll
0x00007ffe95c50000 - 0x00007ffe96334000 	C:\WINDOWS\System32\SHELL32.dll
0x00007ffe95b10000 - 0x00007ffe95bb9000 	C:\WINDOWS\System32\shcore.dll
0x00007ffe94f80000 - 0x00007ffe956fe000 	C:\WINDOWS\System32\windows.storage.dll
0x00007ffe94950000 - 0x00007ffe94973000 	C:\WINDOWS\System32\profapi.dll
0x00007ffe94980000 - 0x00007ffe949ca000 	C:\WINDOWS\System32\powrprof.dll
0x00007ffe94920000 - 0x00007ffe94930000 	C:\WINDOWS\System32\UMPDC.dll
0x00007ffe97520000 - 0x00007ffe97572000 	C:\WINDOWS\System32\shlwapi.dll
0x00007ffe949d0000 - 0x00007ffe949e1000 	C:\WINDOWS\System32\kernel.appcore.dll
0x00007ffe949f0000 - 0x00007ffe94a07000 	C:\WINDOWS\System32\cryptsp.dll
0x00007ffe8de10000 - 0x00007ffe8de2a000 	E:\Android\Android Studio2\jre\jre\bin\net.dll
0x00007ffe94130000 - 0x00007ffe94197000 	C:\WINDOWS\system32\mswsock.dll
0x00007ffe8ddf0000 - 0x00007ffe8de03000 	E:\Android\Android Studio2\jre\jre\bin\nio.dll
0x00007ffe86a60000 - 0x00007ffe86a86000 	C:\Users\LUCKY\.gradle\native\31\windows-amd64\native-platform.dll
0x00007ffe8ef00000 - 0x00007ffe8ef0d000 	E:\Android\Android Studio2\jre\jre\bin\management.dll
0x00007ffe93ca0000 - 0x00007ffe93cd3000 	C:\WINDOWS\system32\rsaenh.dll
0x00007ffe957b0000 - 0x00007ffe957d6000 	C:\WINDOWS\System32\bcrypt.dll
0x00007ffe94840000 - 0x00007ffe94865000 	C:\WINDOWS\SYSTEM32\USERENV.dll
0x00007ffe94300000 - 0x00007ffe9430c000 	C:\WINDOWS\SYSTEM32\CRYPTBASE.dll
0x00007ffe93e40000 - 0x00007ffe93e7a000 	C:\WINDOWS\SYSTEM32\IPHLPAPI.DLL
0x00007ffe97510000 - 0x00007ffe97518000 	C:\WINDOWS\System32\NSI.dll
0x00007ffe8bc20000 - 0x00007ffe8bc36000 	C:\WINDOWS\SYSTEM32\dhcpcsvc6.DLL
0x00007ffe8bdd0000 - 0x00007ffe8bdec000 	C:\WINDOWS\SYSTEM32\dhcpcsvc.DLL
0x00007ffe93e80000 - 0x00007ffe93f4b000 	C:\WINDOWS\SYSTEM32\DNSAPI.dll

VM Arguments:
jvm_args: -Xmx1024m -Dfile.encoding=windows-1252 -Duser.country=US -Duser.language=en -Duser.variant 
java_command: org.gradle.launcher.daemon.bootstrap.GradleDaemon 6.1.1
java_class_path (initial): C:\Users\LUCKY\.gradle\wrapper\dists\gradle-6.1.1-all\cfmwm155h49vnt3hynmlrsdst\gradle-6.1.1\lib\gradle-launcher-6.1.1.jar
Launcher Type: SUN_STANDARD

Environment Variables:
PATH=C:\Program Files\Common Files\Oracle\Java\javapath;C:\WINDOWS\system32;C:\WINDOWS;C:\WINDOWS\System32\Wbem;C:\WINDOWS\System32\WindowsPowerShell\v1.0\;C:\Program Files\Java\jdk1.8.0_241\bin;C:\WINDOWS\System32\OpenSSH\;E:\Git\cmd;C:\Users\LUCKY\AppData\Local\Microsoft\WindowsApps;
USERNAME=LUCKY
OS=Windows_NT
PROCESSOR_IDENTIFIER=Intel64 Family 6 Model 61 Stepping 4, GenuineIntel



---------------  S Y S T E M  ---------------

OS: Windows 10.0 , 64 bit Build 18362 (10.0.18362.778)

CPU:total 4 (initial active 4) (2 cores per cpu, 2 threads per core) family 6 model 61 stepping 4, cmov, cx8, fxsr, mmx, sse, sse2, sse3, ssse3, sse4.1, sse4.2, popcnt, avx, avx2, aes, clmul, erms, 3dnowpref, lzcnt, ht, tsc, tscinvbit, bmi1, bmi2, adx

Memory: 4k page, physical 4107804k(875420k free), swap 4177808k(5556k free)

vm_info: OpenJDK 64-Bit Server VM (25.242-b01) for windows-amd64 JRE (1.8.0_242-release-1644-b01), built by "builder" with MS VC++ 10.0 (VS2010)

time: Wed Nov 18 17:23:38 2020
timezone: Pakistan Standard Time
elapsed time: 7 seconds (0d 0h 0m 7s)

