#
# There is insufficient memory for the Java Runtime Environment to continue.
# Native memory allocation (malloc) failed to allocate 1057456 bytes for Chunk::new
# Possible reasons:
#   The system is out of physical RAM or swap space
#   The process is running with CompressedOops enabled, and the Java Heap may be blocking the growth of the native heap
# Possible solutions:
#   Reduce memory load on the system
#   Increase physical memory or swap space
#   Check if swap backing store is full
#   Decrease Java heap size (-Xmx/-Xms)
#   Decrease number of Java threads
#   Decrease Java thread stack sizes (-Xss)
#   Set larger code cache with -XX:ReservedCodeCacheSize=
#   JVM is running with Unscaled Compressed Oops mode in which the Java heap is
#     placed in the first 4GB address space. The Java Heap base address is the
#     maximum limit for the native heap growth. Please use -XX:HeapBaseMinAddress
#     to set the Java Heap base and to place the Java Heap above 4GB virtual address.
# This output file may be truncated or incomplete.
#
#  Out of Memory Error (allocation.cpp:389), pid=8928, tid=0x0000000000001100
#
# JRE version: OpenJDK Runtime Environment (8.0_242-b01) (build 1.8.0_242-release-1644-b01)
# Java VM: OpenJDK 64-Bit Server VM (25.242-b01 mixed mode windows-amd64 compressed oops)
# Failed to write core dump. Minidumps are not enabled by default on client versions of Windows
#

---------------  T H R E A D  ---------------

Current thread (0x0000000015718000):  JavaThread "C2 CompilerThread1" daemon [_thread_in_native, id=4352, stack(0x0000000016e70000,0x0000000016f70000)]

Stack: [0x0000000016e70000,0x0000000016f70000]
[error occurred during error reporting (printing stack bounds), id 0xc0000005]

Native frames: (J=compiled Java code, j=interpreted, Vv=VM code, C=native code)


Current CompileTask:
C2:   6340 2494       4       org.objectweb.asm.Frame::execute (2318 bytes)


---------------  P R O C E S S  ---------------

Java Threads: ( => current thread )
  0x00000000194f5800 JavaThread "Cache worker for execution history cache (C:\Users\LUCKY\.gradle\caches\6.1.1\executionHistory)" [_thread_blocked, id=9956, stack(0x000000001d980000,0x000000001da80000)]
  0x00000000194f7000 JavaThread "Cache worker for cache directory md-rule (C:\Users\LUCKY\.gradle\caches\6.1.1\md-rule)" [_thread_blocked, id=7572, stack(0x000000001d880000,0x000000001d980000)]
  0x00000000194f5000 JavaThread "Cache worker for cache directory md-supplier (C:\Users\LUCKY\.gradle\caches\6.1.1\md-supplier)" [_thread_blocked, id=10708, stack(0x000000001d780000,0x000000001d880000)]
  0x00000000194f8000 JavaThread "Cache worker for file hash cache (E:\Intent\.gradle\6.1.1\fileHashes)" [_thread_blocked, id=7528, stack(0x000000001dc20000,0x000000001dd20000)]
  0x00000000194fb000 JavaThread "Cache worker for checksums cache (E:\Intent\.gradle\checksums)" [_thread_blocked, id=204, stack(0x000000001db20000,0x000000001dc20000)]
  0x00000000194f4000 JavaThread "Cache worker for file hash cache (C:\Users\LUCKY\.gradle\caches\6.1.1\fileHashes)" [_thread_blocked, id=9772, stack(0x000000001b4e0000,0x000000001b5e0000)]
  0x00000000194fa000 JavaThread "File lock request listener" [_thread_in_native, id=3408, stack(0x000000001b3e0000,0x000000001b4e0000)]
  0x000000001950d000 JavaThread "Cache worker for journal cache (C:\Users\LUCKY\.gradle\caches\journal-1)" [_thread_blocked, id=9608, stack(0x000000001b2e0000,0x000000001b3e0000)]
  0x0000000019373000 JavaThread "Thread-9" [_thread_blocked, id=11100, stack(0x000000001afe0000,0x000000001b0e0000)]
  0x000000001935e800 JavaThread "Stdin handler" [_thread_blocked, id=7704, stack(0x000000001aee0000,0x000000001afe0000)]
  0x000000001936c800 JavaThread "Asynchronous log dispatcher for DefaultDaemonConnection: socket connection from /127.0.0.1:49852 to /127.0.0.1:49853" [_thread_blocked, id=4120, stack(0x000000001ade0000,0x000000001aee0000)]
  0x0000000019381800 JavaThread "Daemon worker" [_thread_in_vm, id=6128, stack(0x000000001ace0000,0x000000001ade0000)]
  0x0000000019368000 JavaThread "Cancel handler" [_thread_blocked, id=10840, stack(0x000000001abe0000,0x000000001ace0000)]
  0x0000000019340800 JavaThread "Handler for socket connection from /127.0.0.1:49852 to /127.0.0.1:49853" [_thread_in_native, id=6180, stack(0x000000001a8e0000,0x000000001a9e0000)]
  0x000000001933d800 JavaThread "Daemon" [_thread_blocked, id=10336, stack(0x000000001a7e0000,0x000000001a8e0000)]
  0x0000000019330800 JavaThread "Daemon periodic checks" [_thread_blocked, id=10312, stack(0x000000001a6e0000,0x000000001a7e0000)]
  0x00000000192cc800 JavaThread "Incoming local TCP Connector on port 49852" [_thread_in_native, id=10232, stack(0x0000000017770000,0x0000000017870000)]
  0x00000000191da000 JavaThread "Daemon health stats" [_thread_blocked, id=8776, stack(0x0000000017670000,0x0000000017770000)]
  0x00000000170a0800 JavaThread "Service Thread" daemon [_thread_blocked, id=8968, stack(0x0000000017470000,0x0000000017570000)]
  0x0000000015727800 JavaThread "C1 CompilerThread2" daemon [_thread_in_vm, id=3144, stack(0x0000000016f70000,0x0000000017070000)]
=>0x0000000015718000 JavaThread "C2 CompilerThread1" daemon [_thread_in_native, id=4352, stack(0x0000000016e70000,0x0000000016f70000)]
  0x0000000015713000 JavaThread "C2 CompilerThread0" daemon [_thread_in_native, id=10292, stack(0x0000000016d70000,0x0000000016e70000)]
  0x0000000015711800 JavaThread "Attach Listener" daemon [_thread_blocked, id=704, stack(0x0000000016c70000,0x0000000016d70000)]
  0x0000000015710800 JavaThread "Signal Dispatcher" daemon [_thread_blocked, id=11216, stack(0x0000000016b70000,0x0000000016c70000)]
  0x0000000002f49800 JavaThread "Finalizer" daemon [_thread_blocked, id=5764, stack(0x0000000016970000,0x0000000016a70000)]
  0x0000000002f41000 JavaThread "Reference Handler" daemon [_thread_blocked, id=10408, stack(0x0000000016870000,0x0000000016970000)]
  0x000000000303d800 JavaThread "main" [_thread_blocked, id=10124, stack(0x0000000002c60000,0x0000000002d60000)]

Other Threads:
  0x00000000156d6000 VMThread [stack: 0x0000000016770000,0x0000000016870000] [id=7848]
  0x000000001572d000 WatcherThread [stack: 0x0000000017570000,0x0000000017670000] [id=8972]

VM state:not at safepoint (normal execution)

VM Mutex/Monitor currently owned by a thread: None

heap address: 0x00000000c0000000, size: 1024 MB, Compressed Oops mode: 32-bit
Narrow klass base: 0x0000000000000000, Narrow klass shift: 3
Compressed class space size: 1073741824 Address: 0x0000000100000000

Heap:
 PSYoungGen      total 47616K, used 4355K [0x00000000eab00000, 0x00000000ee200000, 0x0000000100000000)
  eden space 39936K, 4% used [0x00000000eab00000,0x00000000eaca12a8,0x00000000ed200000)
  from space 7680K, 34% used [0x00000000eda80000,0x00000000edd1fc60,0x00000000ee200000)
  to   space 8192K, 0% used [0x00000000ed200000,0x00000000ed200000,0x00000000eda00000)
 ParOldGen       total 34816K, used 16774K [0x00000000c0000000, 0x00000000c2200000, 0x00000000eab00000)
  object space 34816K, 48% used [0x00000000c0000000,0x00000000c1061908,0x00000000c2200000)
 Metaspace       used 34227K, capacity 35082K, committed 35248K, reserved 1079296K
  class space    used 4699K, capacity 4934K, committed 5040K, reserved 1048576K

Card table byte_map: [0x0000000012400000,0x0000000012610000] byte_map_base: 0x0000000011e00000

Marking Bits: (ParMarkBitMap*) 0x00000000734df030
 Begin Bits: [0x0000000012b70000, 0x0000000013b70000)
 End Bits:   [0x0000000013b70000, 0x0000000014b70000)

Polling page: 0x0000000000ff0000

CodeCache: size=245760Kb used=10004Kb max_used=10004Kb free=235755Kb
 bounds [0x0000000003040000, 0x0000000003a10000, 0x0000000012040000]
 total_blobs=3256 nmethods=2564 adapters=605
 compilation: enabled

Compilation events (10 events):
Event: 6.098 Thread 0x0000000015727800 2530       3       java.lang.invoke.DirectMethodHandle::<init> (132 bytes)
Event: 6.101 Thread 0x0000000015727800 nmethod 2530 0x00000000039c9550 code [0x00000000039c9800, 0x00000000039cb018]
Event: 6.101 Thread 0x0000000015727800 2531       3       jdk.internal.org.objectweb.asm.MethodWriter::visitCode (1 bytes)
Event: 6.101 Thread 0x0000000015727800 nmethod 2531 0x00000000039cb910 code [0x00000000039cba60, 0x00000000039cbbb0]
Event: 6.149 Thread 0x0000000015727800 2532       3       java.util.concurrent.locks.AbstractQueuedSynchronizer$ConditionObject::addConditionWaiter (64 bytes)
Event: 6.150 Thread 0x0000000015727800 nmethod 2532 0x00000000039cbe50 code [0x00000000039cbfe0, 0x00000000039cc408]
Event: 6.150 Thread 0x0000000015727800 2533       3       java.util.concurrent.locks.AbstractQueuedSynchronizer$Node::<init> (15 bytes)
Event: 6.150 Thread 0x0000000015727800 nmethod 2533 0x00000000039cc590 code [0x00000000039cc6e0, 0x00000000039cc8b0]
Event: 6.168 Thread 0x0000000015727800 2534       1       org.slf4j.impl.StaticLoggerBinder::getLoggerFactory (5 bytes)
Event: 6.168 Thread 0x0000000015727800 nmethod 2534 0x00000000039ccc10 code [0x00000000039ccd60, 0x00000000039cce70]

GC Heap History (10 events):
Event: 3.952 GC heap before
{Heap before GC invocations=10 (full 1):
 PSYoungGen      total 35328K, used 1844K [0x00000000eab00000, 0x00000000ed000000, 0x0000000100000000)
  eden space 32768K, 0% used [0x00000000eab00000,0x00000000eab00000,0x00000000ecb00000)
  from space 2560K, 72% used [0x00000000ecb00000,0x00000000ecccd030,0x00000000ecd80000)
  to   space 2560K, 0% used [0x00000000ecd80000,0x00000000ecd80000,0x00000000ed000000)
 ParOldGen       total 44032K, used 16168K [0x00000000c0000000, 0x00000000c2b00000, 0x00000000eab00000)
  object space 44032K, 36% used [0x00000000c0000000,0x00000000c0fca070,0x00000000c2b00000)
 Metaspace       used 20630K, capacity 21260K, committed 21296K, reserved 1067008K
  class space    used 2895K, capacity 3116K, committed 3120K, reserved 1048576K
Event: 4.023 GC heap after
Heap after GC invocations=10 (full 1):
 PSYoungGen      total 35328K, used 0K [0x00000000eab00000, 0x00000000ed000000, 0x0000000100000000)
  eden space 32768K, 0% used [0x00000000eab00000,0x00000000eab00000,0x00000000ecb00000)
  from space 2560K, 0% used [0x00000000ecb00000,0x00000000ecb00000,0x00000000ecd80000)
  to   space 2560K, 0% used [0x00000000ecd80000,0x00000000ecd80000,0x00000000ed000000)
 ParOldGen       total 34816K, used 10800K [0x00000000c0000000, 0x00000000c2200000, 0x00000000eab00000)
  object space 34816K, 31% used [0x00000000c0000000,0x00000000c0a8c2b0,0x00000000c2200000)
 Metaspace       used 20630K, capacity 21260K, committed 21296K, reserved 1067008K
  class space    used 2895K, capacity 3116K, committed 3120K, reserved 1048576K
}
Event: 4.396 GC heap before
{Heap before GC invocations=11 (full 1):
 PSYoungGen      total 35328K, used 32768K [0x00000000eab00000, 0x00000000ed000000, 0x0000000100000000)
  eden space 32768K, 100% used [0x00000000eab00000,0x00000000ecb00000,0x00000000ecb00000)
  from space 2560K, 0% used [0x00000000ecb00000,0x00000000ecb00000,0x00000000ecd80000)
  to   space 2560K, 0% used [0x00000000ecd80000,0x00000000ecd80000,0x00000000ed000000)
 ParOldGen       total 34816K, used 10800K [0x00000000c0000000, 0x00000000c2200000, 0x00000000eab00000)
  object space 34816K, 31% used [0x00000000c0000000,0x00000000c0a8c2b0,0x00000000c2200000)
 Metaspace       used 22778K, capacity 23498K, committed 23728K, reserved 1069056K
  class space    used 3246K, capacity 3479K, committed 3504K, reserved 1048576K
Event: 4.400 GC heap after
Heap after GC invocations=11 (full 1):
 PSYoungGen      total 29696K, used 2559K [0x00000000eab00000, 0x00000000eeb80000, 0x0000000100000000)
  eden space 27136K, 0% used [0x00000000eab00000,0x00000000eab00000,0x00000000ec580000)
  from space 2560K, 99% used [0x00000000ecd80000,0x00000000ecfffca8,0x00000000ed000000)
  to   space 8192K, 0% used [0x00000000ec580000,0x00000000ec580000,0x00000000ecd80000)
 ParOldGen       total 34816K, used 11132K [0x00000000c0000000, 0x00000000c2200000, 0x00000000eab00000)
  object space 34816K, 31% used [0x00000000c0000000,0x00000000c0adf188,0x00000000c2200000)
 Metaspace       used 22778K, capacity 23498K, committed 23728K, reserved 1069056K
  class space    used 3246K, capacity 3479K, committed 3504K, reserved 1048576K
}
Event: 4.916 GC heap before
{Heap before GC invocations=12 (full 1):
 PSYoungGen      total 29696K, used 29695K [0x00000000eab00000, 0x00000000eeb80000, 0x0000000100000000)
  eden space 27136K, 100% used [0x00000000eab00000,0x00000000ec580000,0x00000000ec580000)
  from space 2560K, 99% used [0x00000000ecd80000,0x00000000ecfffca8,0x00000000ed000000)
  to   space 8192K, 0% used [0x00000000ec580000,0x00000000ec580000,0x00000000ecd80000)
 ParOldGen       total 34816K, used 11132K [0x00000000c0000000, 0x00000000c2200000, 0x00000000eab00000)
  object space 34816K, 31% used [0x00000000c0000000,0x00000000c0adf188,0x00000000c2200000)
 Metaspace       used 28100K, capacity 28788K, committed 28976K, reserved 1075200K
  class space    used 3882K, capacity 4127K, committed 4144K, reserved 1048576K
Event: 4.923 GC heap after
Heap after GC invocations=12 (full 1):
 PSYoungGen      total 35328K, used 4973K [0x00000000eab00000, 0x00000000ee280000, 0x0000000100000000)
  eden space 27136K, 0% used [0x00000000eab00000,0x00000000eab00000,0x00000000ec580000)
  from space 8192K, 60% used [0x00000000ec580000,0x00000000eca5b7b8,0x00000000ecd80000)
  to   space 8192K, 0% used [0x00000000eda80000,0x00000000eda80000,0x00000000ee280000)
 ParOldGen       total 34816K, used 11798K [0x00000000c0000000, 0x00000000c2200000, 0x00000000eab00000)
  object space 34816K, 33% used [0x00000000c0000000,0x00000000c0b858b8,0x00000000c2200000)
 Metaspace       used 28100K, capacity 28788K, committed 28976K, reserved 1075200K
  class space    used 3882K, capacity 4127K, committed 4144K, reserved 1048576K
}
Event: 5.291 GC heap before
{Heap before GC invocations=13 (full 1):
 PSYoungGen      total 35328K, used 32109K [0x00000000eab00000, 0x00000000ee280000, 0x0000000100000000)
  eden space 27136K, 100% used [0x00000000eab00000,0x00000000ec580000,0x00000000ec580000)
  from space 8192K, 60% used [0x00000000ec580000,0x00000000eca5b7b8,0x00000000ecd80000)
  to   space 8192K, 0% used [0x00000000eda80000,0x00000000eda80000,0x00000000ee280000)
 ParOldGen       total 34816K, used 11798K [0x00000000c0000000, 0x00000000c2200000, 0x00000000eab00000)
  object space 34816K, 33% used [0x00000000c0000000,0x00000000c0b858b8,0x00000000c2200000)
 Metaspace       used 30293K, capacity 30996K, committed 31280K, reserved 1077248K
  class space    used 4092K, capacity 4325K, committed 4400K, reserved 1048576K
Event: 5.298 GC heap after
Heap after GC invocations=13 (full 1):
 PSYoungGen      total 47616K, used 2537K [0x00000000eab00000, 0x00000000ee200000, 0x0000000100000000)
  eden space 39936K, 0% used [0x00000000eab00000,0x00000000eab00000,0x00000000ed200000)
  from space 7680K, 33% used [0x00000000eda80000,0x00000000edcfa4e0,0x00000000ee200000)
  to   space 8192K, 0% used [0x00000000ed200000,0x00000000ed200000,0x00000000eda00000)
 ParOldGen       total 34816K, used 14158K [0x00000000c0000000, 0x00000000c2200000, 0x00000000eab00000)
  object space 34816K, 40% used [0x00000000c0000000,0x00000000c0dd38d8,0x00000000c2200000)
 Metaspace       used 30293K, capacity 30996K, committed 31280K, reserved 1077248K
  class space    used 4092K, capacity 4325K, committed 4400K, reserved 1048576K
}
Event: 5.851 GC heap before
{Heap before GC invocations=14 (full 1):
 PSYoungGen      total 47616K, used 42473K [0x00000000eab00000, 0x00000000ee200000, 0x0000000100000000)
  eden space 39936K, 100% used [0x00000000eab00000,0x00000000ed200000,0x00000000ed200000)
  from space 7680K, 33% used [0x00000000eda80000,0x00000000edcfa4e0,0x00000000ee200000)
  to   space 8192K, 0% used [0x00000000ed200000,0x00000000ed200000,0x00000000eda00000)
 ParOldGen       total 34816K, used 14158K [0x00000000c0000000, 0x00000000c2200000, 0x00000000eab00000)
  object space 34816K, 40% used [0x00000000c0000000,0x00000000c0dd38d8,0x00000000c2200000)
 Metaspace       used 32242K, capacity 32984K, committed 33072K, reserved 1077248K
  class space    used 4402K, capacity 4609K, committed 4656K, reserved 1048576K
Event: 5.864 GC heap after
Heap after GC invocations=14 (full 1):
 PSYoungGen      total 48128K, used 3237K [0x00000000eab00000, 0x00000000ee200000, 0x0000000100000000)
  eden space 39936K, 0% used [0x00000000eab00000,0x00000000eab00000,0x00000000ed200000)
  from space 8192K, 39% used [0x00000000ed200000,0x00000000ed529590,0x00000000eda00000)
  to   space 7680K, 0% used [0x00000000eda80000,0x00000000eda80000,0x00000000ee200000)
 ParOldGen       total 34816K, used 15214K [0x00000000c0000000, 0x00000000c2200000, 0x00000000eab00000)
  object space 34816K, 43% used [0x00000000c0000000,0x00000000c0edb8d8,0x00000000c2200000)
 Metaspace       used 32242K, capacity 32984K, committed 33072K, reserved 1077248K
  class space    used 4402K, capacity 4609K, committed 4656K, reserved 1048576K
}

Deoptimization events (10 events):
Event: 4.891 Thread 0x0000000019381800 Uncommon trap: reason=unstable_if action=reinterpret pc=0x00000000036a87cc method=java.lang.ClassLoader.getClassLoadingLock(Ljava/lang/String;)Ljava/lang/Object; @ 6
Event: 4.924 Thread 0x0000000002f41000 Uncommon trap: reason=unstable_if action=reinterpret pc=0x0000000003633afc method=java.lang.ref.Reference.tryHandlePending(Z)Z @ 104
Event: 4.933 Thread 0x0000000019381800 Uncommon trap: reason=class_check action=maybe_recompile pc=0x0000000003738d50 method=sun.misc.URLClassPath.getLoader(I)Lsun/misc/URLClassPath$Loader; @ 239
Event: 4.933 Thread 0x0000000019381800 Uncommon trap: reason=unstable_if action=reinterpret pc=0x000000000350b87c method=java.lang.String.regionMatches(ZILjava/lang/String;II)Z @ 41
Event: 4.949 Thread 0x0000000019381800 Uncommon trap: reason=class_check action=maybe_recompile pc=0x0000000003738d50 method=sun.misc.URLClassPath.getLoader(I)Lsun/misc/URLClassPath$Loader; @ 239
Event: 5.272 Thread 0x0000000019381800 Uncommon trap: reason=unstable_if action=reinterpret pc=0x0000000003346084 method=java.util.HashMap.getNode(ILjava/lang/Object;)Ljava/util/HashMap$Node; @ 53
Event: 5.272 Thread 0x0000000019381800 Uncommon trap: reason=unstable_if action=reinterpret pc=0x00000000034e1538 method=java.util.HashMap.hash(Ljava/lang/Object;)I @ 1
Event: 5.412 Thread 0x0000000019381800 Uncommon trap: reason=unstable_if action=reinterpret pc=0x00000000038e0c38 method=org.gradle.internal.reflect.PropertyAccessorType.isGetGetterName(Ljava/lang/String;)Z @ 14
Event: 5.448 Thread 0x0000000019381800 Uncommon trap: reason=unstable_if action=reinterpret pc=0x00000000036efa40 method=org.objectweb.asm.ByteVector.putShort(I)Lorg/objectweb/asm/ByteVector; @ 13
Event: 5.555 Thread 0x0000000019381800 Uncommon trap: reason=class_check action=maybe_recompile pc=0x0000000003738244 method=sun.misc.URLClassPath.getLoader(I)Lsun/misc/URLClassPath$Loader; @ 94

Classes redefined (0 events):
No events

Internal exceptions (10 events):
Event: 5.698 Thread 0x0000000019381800 Exception <a 'java/lang/ClassNotFoundException': org/gradle/api/internal/DefaultDomainObjectCollectionCustomizer> (0x00000000ec69b488) thrown at [C:\src\AOSP-openjdk-git\hotspot\src\share\vm\classfile\systemDictionary.cpp, line 210]
Event: 5.703 Thread 0x0000000019381800 Exception <a 'java/lang/ClassNotFoundException': org/gradle/api/internal/DefaultNamedDomainObjectCollectionCustomizer> (0x00000000ec6fae88) thrown at [C:\src\AOSP-openjdk-git\hotspot\src\share\vm\classfile\systemDictionary.cpp, line 210]
Event: 5.707 Thread 0x0000000019381800 Exception <a 'java/lang/ClassNotFoundException': org/gradle/api/internal/DefaultNamedDomainObjectListCustomizer> (0x00000000ec7712b8) thrown at [C:\src\AOSP-openjdk-git\hotspot\src\share\vm\classfile\systemDictionary.cpp, line 210]
Event: 5.710 Thread 0x0000000019381800 Exception <a 'java/lang/ClassNotFoundException': org/gradle/api/internal/artifacts/DefaultArtifactRepositoryContainerCustomizer> (0x00000000ec7e8dd0) thrown at [C:\src\AOSP-openjdk-git\hotspot\src\share\vm\classfile\systemDictionary.cpp, line 210]
Event: 5.712 Thread 0x0000000019381800 Exception <a 'java/lang/ClassNotFoundException': org/gradle/api/internal/artifacts/dsl/DefaultRepositoryHandlerCustomizer> (0x00000000ec850c48) thrown at [C:\src\AOSP-openjdk-git\hotspot\src\share\vm\classfile\systemDictionary.cpp, line 210]
Event: 5.718 Thread 0x0000000019381800 Exception <a 'java/lang/ClassNotFoundException': org/gradle/api/internal/artifacts/dsl/DefaultRepositoryHandler_DecoratedCustomizer> (0x00000000ec8cf410) thrown at [C:\src\AOSP-openjdk-git\hotspot\src\share\vm\classfile\systemDictionary.cpp, line 210]
Event: 5.941 Thread 0x0000000019381800 Exception <a 'java/lang/ClassNotFoundException': org/gradle/api/internal/artifacts/dsl/dependencies/DefaultDependencyHandler_DecoratedBeanInfo> (0x00000000eb0633b8) thrown at [C:\src\AOSP-openjdk-git\hotspot\src\share\vm\classfile\systemDictionary.cpp, li
Event: 5.942 Thread 0x0000000019381800 Exception <a 'java/lang/ClassNotFoundException': org/gradle/api/internal/artifacts/dsl/dependencies/DefaultDependencyHandlerBeanInfo> (0x00000000eb0be648) thrown at [C:\src\AOSP-openjdk-git\hotspot\src\share\vm\classfile\systemDictionary.cpp, line 210]
Event: 5.944 Thread 0x0000000019381800 Exception <a 'java/lang/ClassNotFoundException': org/gradle/api/internal/artifacts/dsl/dependencies/DefaultDependencyHandlerCustomizer> (0x00000000eb11a880) thrown at [C:\src\AOSP-openjdk-git\hotspot\src\share\vm\classfile\systemDictionary.cpp, line 210]
Event: 5.949 Thread 0x0000000019381800 Exception <a 'java/lang/ClassNotFoundException': org/gradle/api/internal/artifacts/dsl/dependencies/DefaultDependencyHandler_DecoratedCustomizer> (0x00000000eb1a9020) thrown at [C:\src\AOSP-openjdk-git\hotspot\src\share\vm\classfile\systemDictionary.cpp, 

Events (10 events):
Event: 6.161 loading class org/gradle/api/internal/artifacts/dsl/DefaultComponentMetadataProcessor
Event: 6.161 loading class org/gradle/api/internal/artifacts/dsl/DefaultComponentMetadataProcessor done
Event: 6.163 loading class org/gradle/api/artifacts/ComponentMetadataDetails
Event: 6.163 loading class org/gradle/api/artifacts/ComponentMetadataDetails done
Event: 6.165 loading class org/gradle/api/internal/artifacts/dsl/DefaultComponentMetadataProcessor$1
Event: 6.165 loading class org/gradle/api/internal/artifacts/dsl/DefaultComponentMetadataProcessor$1 done
Event: 6.166 loading class org/gradle/api/internal/artifacts/ivyservice/ivyresolve/CachingModuleComponentRepository
Event: 6.166 loading class org/gradle/api/internal/artifacts/ivyservice/ivyresolve/CachingModuleComponentRepository done
Event: 6.168 loading class org/gradle/api/internal/artifacts/ivyservice/ivyresolve/CachingModuleComponentRepository$LocateInCacheRepositoryAccess
Event: 6.168 loading class org/gradle/api/internal/artifacts/ivyservice/ivyresolve/CachingModuleComponentRepository$LocateInCacheRepositoryAccess done


Dynamic libraries:
0x00007ff7b29c0000 - 0x00007ff7b29f1000 	E:\Android\Android Studio2\jre\bin\java.exe
0x00007ff94eaa0000 - 0x00007ff94ec90000 	C:\WINDOWS\SYSTEM32\ntdll.dll
0x00007ff94e7c0000 - 0x00007ff94e872000 	C:\WINDOWS\System32\KERNEL32.DLL
0x00007ff94bb90000 - 0x00007ff94be34000 	C:\WINDOWS\System32\KERNELBASE.dll
0x00007ff94dbb0000 - 0x00007ff94dc53000 	C:\WINDOWS\System32\ADVAPI32.dll
0x00007ff94dc60000 - 0x00007ff94dcfe000 	C:\WINDOWS\System32\msvcrt.dll
0x00007ff94d4d0000 - 0x00007ff94d567000 	C:\WINDOWS\System32\sechost.dll
0x00007ff94de80000 - 0x00007ff94dfa0000 	C:\WINDOWS\System32\RPCRT4.dll
0x00007ff94d570000 - 0x00007ff94d704000 	C:\WINDOWS\System32\USER32.dll
0x00007ff94ca50000 - 0x00007ff94ca71000 	C:\WINDOWS\System32\win32u.dll
0x00007ff94db70000 - 0x00007ff94db96000 	C:\WINDOWS\System32\GDI32.dll
0x00007ff94c890000 - 0x00007ff94ca24000 	C:\WINDOWS\System32\gdi32full.dll
0x00007ff94ca80000 - 0x00007ff94cb1e000 	C:\WINDOWS\System32\msvcp_win.dll
0x00007ff94be90000 - 0x00007ff94bf8a000 	C:\WINDOWS\System32\ucrtbase.dll
0x00007ff93b850000 - 0x00007ff93bad4000 	C:\WINDOWS\WinSxS\amd64_microsoft.windows.common-controls_6595b64144ccf1df_6.0.18362.836_none_e6c4b943130f18ed\COMCTL32.dll
0x00007ff94cc30000 - 0x00007ff94cf66000 	C:\WINDOWS\System32\combase.dll
0x00007ff94bb10000 - 0x00007ff94bb90000 	C:\WINDOWS\System32\bcryptPrimitives.dll
0x00007ff94de50000 - 0x00007ff94de7e000 	C:\WINDOWS\System32\IMM32.DLL
0x0000000072c30000 - 0x0000000072d02000 	E:\Android\Android Studio2\jre\jre\bin\msvcr100.dll
0x0000000072d10000 - 0x000000007355b000 	E:\Android\Android Studio2\jre\jre\bin\server\jvm.dll
0x00007ff94cfe0000 - 0x00007ff94cfe8000 	C:\WINDOWS\System32\PSAPI.DLL
0x00007ff948b50000 - 0x00007ff948b74000 	C:\WINDOWS\SYSTEM32\WINMM.dll
0x00007ff93a7e0000 - 0x00007ff93a7e9000 	C:\WINDOWS\SYSTEM32\WSOCK32.dll
0x00007ff93d830000 - 0x00007ff93d83a000 	C:\WINDOWS\SYSTEM32\VERSION.dll
0x00007ff94cf70000 - 0x00007ff94cfdf000 	C:\WINDOWS\System32\WS2_32.dll
0x00007ff948b20000 - 0x00007ff948b4d000 	C:\WINDOWS\SYSTEM32\WINMMBASE.dll
0x00007ff94be40000 - 0x00007ff94be8a000 	C:\WINDOWS\System32\cfgmgr32.dll
0x00007ff945fa0000 - 0x00007ff945faf000 	E:\Android\Android Studio2\jre\jre\bin\verify.dll
0x00007ff9451f0000 - 0x00007ff945219000 	E:\Android\Android Studio2\jre\jre\bin\java.dll
0x00007ff9451d0000 - 0x00007ff9451e6000 	E:\Android\Android Studio2\jre\jre\bin\zip.dll
0x00007ff94dfa0000 - 0x00007ff94e684000 	C:\WINDOWS\System32\SHELL32.dll
0x00007ff94e880000 - 0x00007ff94e929000 	C:\WINDOWS\System32\shcore.dll
0x00007ff94bf90000 - 0x00007ff94c70e000 	C:\WINDOWS\System32\windows.storage.dll
0x00007ff94ba90000 - 0x00007ff94bab3000 	C:\WINDOWS\System32\profapi.dll
0x00007ff94bac0000 - 0x00007ff94bb0a000 	C:\WINDOWS\System32\powrprof.dll
0x00007ff94ba40000 - 0x00007ff94ba50000 	C:\WINDOWS\System32\UMPDC.dll
0x00007ff94e930000 - 0x00007ff94e982000 	C:\WINDOWS\System32\shlwapi.dll
0x00007ff94ba50000 - 0x00007ff94ba61000 	C:\WINDOWS\System32\kernel.appcore.dll
0x00007ff94ca30000 - 0x00007ff94ca47000 	C:\WINDOWS\System32\cryptsp.dll
0x00007ff93f4b0000 - 0x00007ff93f4ca000 	E:\Android\Android Studio2\jre\jre\bin\net.dll
0x00007ff94b250000 - 0x00007ff94b2b7000 	C:\WINDOWS\system32\mswsock.dll
0x00007ff93ed40000 - 0x00007ff93ed53000 	E:\Android\Android Studio2\jre\jre\bin\nio.dll
0x00007ff935960000 - 0x00007ff935986000 	C:\Users\LUCKY\.gradle\native\31\windows-amd64\native-platform.dll
0x00007ff93f4a0000 - 0x00007ff93f4ad000 	E:\Android\Android Studio2\jre\jre\bin\management.dll
0x00007ff94adc0000 - 0x00007ff94adf3000 	C:\WINDOWS\system32\rsaenh.dll
0x00007ff94c710000 - 0x00007ff94c736000 	C:\WINDOWS\System32\bcrypt.dll
0x00007ff94b930000 - 0x00007ff94b955000 	C:\WINDOWS\SYSTEM32\USERENV.dll
0x00007ff94b420000 - 0x00007ff94b42c000 	C:\WINDOWS\SYSTEM32\CRYPTBASE.dll
0x00007ff94af60000 - 0x00007ff94af9a000 	C:\WINDOWS\SYSTEM32\IPHLPAPI.DLL
0x00007ff94dd00000 - 0x00007ff94dd08000 	C:\WINDOWS\System32\NSI.dll
0x00007ff942ca0000 - 0x00007ff942cb6000 	C:\WINDOWS\SYSTEM32\dhcpcsvc6.DLL
0x00007ff942ec0000 - 0x00007ff942edc000 	C:\WINDOWS\SYSTEM32\dhcpcsvc.DLL
0x00007ff94afa0000 - 0x00007ff94b06b000 	C:\WINDOWS\SYSTEM32\DNSAPI.dll

VM Arguments:
jvm_args: -Xmx1024m -Dfile.encoding=windows-1252 -Duser.country=US -Duser.language=en -Duser.variant 
java_command: org.gradle.launcher.daemon.bootstrap.GradleDaemon 6.1.1
java_class_path (initial): C:\Users\LUCKY\.gradle\wrapper\dists\gradle-6.1.1-all\cfmwm155h49vnt3hynmlrsdst\gradle-6.1.1\lib\gradle-launcher-6.1.1.jar
Launcher Type: SUN_STANDARD

Environment Variables:
PATH=C:\Program Files\Common Files\Oracle\Java\javapath;C:\WINDOWS\system32;C:\WINDOWS;C:\WINDOWS\System32\Wbem;C:\WINDOWS\System32\WindowsPowerShell\v1.0\;C:\Program Files\Java\jdk1.8.0_241\bin;C:\WINDOWS\System32\OpenSSH\;E:\Git\cmd;C:\Users\LUCKY\AppData\Local\Microsoft\WindowsApps;
USERNAME=LUCKY
OS=Windows_NT
PROCESSOR_IDENTIFIER=Intel64 Family 6 Model 61 Stepping 4, GenuineIntel



---------------  S Y S T E M  ---------------

OS: Windows 10.0 , 64 bit Build 18362 (10.0.18362.778)

CPU:total 4 (initial active 4) (2 cores per cpu, 2 threads per core) family 6 model 61 stepping 4, cmov, cx8, fxsr, mmx, sse, sse2, sse3, ssse3, sse4.1, sse4.2, popcnt, avx, avx2, aes, clmul, erms, 3dnowpref, lzcnt, ht, tsc, tscinvbit, bmi1, bmi2, adx

Memory: 4k page, physical 4107804k(598176k free), swap 4185400k(18892k free)

vm_info: OpenJDK 64-Bit Server VM (25.242-b01) for windows-amd64 JRE (1.8.0_242-release-1644-b01), built by "builder" with MS VC++ 10.0 (VS2010)

time: Mon Nov 16 23:12:18 2020
timezone: Pakistan Standard Time
elapsed time: 6 seconds (0d 0h 0m 6s)

