#
# There is insufficient memory for the Java Runtime Environment to continue.
# Native memory allocation (malloc) failed to allocate 1128976 bytes for Chunk::new
# Possible reasons:
#   The system is out of physical RAM or swap space
#   The process is running with CompressedOops enabled, and the Java Heap may be blocking the growth of the native heap
# Possible solutions:
#   Reduce memory load on the system
#   Increase physical memory or swap space
#   Check if swap backing store is full
#   Decrease Java heap size (-Xmx/-Xms)
#   Decrease number of Java threads
#   Decrease Java thread stack sizes (-Xss)
#   Set larger code cache with -XX:ReservedCodeCacheSize=
#   JVM is running with Unscaled Compressed Oops mode in which the Java heap is
#     placed in the first 4GB address space. The Java Heap base address is the
#     maximum limit for the native heap growth. Please use -XX:HeapBaseMinAddress
#     to set the Java Heap base and to place the Java Heap above 4GB virtual address.
# This output file may be truncated or incomplete.
#
#  Out of Memory Error (allocation.cpp:389), pid=3476, tid=0x0000000000002b0c
#
# JRE version: OpenJDK Runtime Environment (8.0_242-b01) (build 1.8.0_242-release-1644-b01)
# Java VM: OpenJDK 64-Bit Server VM (25.242-b01 mixed mode windows-amd64 compressed oops)
# Failed to write core dump. Minidumps are not enabled by default on client versions of Windows
#

---------------  T H R E A D  ---------------

Current thread (0x00000000151a3000):  JavaThread "C2 CompilerThread0" daemon [_thread_in_native, id=11020, stack(0x00000000167f0000,0x00000000168f0000)]

Stack: [0x00000000167f0000,0x00000000168f0000]
[error occurred during error reporting (printing stack bounds), id 0xc0000005]

Native frames: (J=compiled Java code, j=interpreted, Vv=VM code, C=native code)


Current CompileTask:
C2:   7265 3365       4       org.codehaus.groovy.runtime.metaclass.MetaMethodIndex::addMethodToList (298 bytes)


---------------  P R O C E S S  ---------------

Java Threads: ( => current thread )
  0x0000000019050000 JavaThread "Build operations Thread 4" [_thread_blocked, id=9984, stack(0x0000000020ad0000,0x0000000020bd0000)]
  0x0000000019050800 JavaThread "Build operations Thread 3" [_thread_blocked, id=9644, stack(0x00000000209d0000,0x0000000020ad0000)]
  0x000000001904e800 JavaThread "Build operations Thread 2" [_thread_blocked, id=6152, stack(0x00000000208d0000,0x00000000209d0000)]
  0x000000001904d800 JavaThread "Build operations" [_thread_blocked, id=9472, stack(0x00000000207d0000,0x00000000208d0000)]
  0x00000000151bf800 JavaThread "Cache worker for execution history cache (C:\Users\LUCKY\.gradle\caches\6.1.1\executionHistory)" [_thread_blocked, id=7532, stack(0x000000001eb00000,0x000000001ec00000)]
  0x00000000151ba800 JavaThread "Cache worker for cache directory md-rule (C:\Users\LUCKY\.gradle\caches\6.1.1\md-rule)" [_thread_blocked, id=3740, stack(0x000000001d960000,0x000000001da60000)]
  0x00000000151b9800 JavaThread "Cache worker for cache directory md-supplier (C:\Users\LUCKY\.gradle\caches\6.1.1\md-supplier)" [_thread_blocked, id=10556, stack(0x000000001d3b0000,0x000000001d4b0000)]
  0x00000000151bf000 JavaThread "Cache worker for file hash cache (E:\Intent\.gradle\6.1.1\fileHashes)" [_thread_blocked, id=8680, stack(0x000000001d660000,0x000000001d760000)]
  0x00000000151be000 JavaThread "Cache worker for checksums cache (E:\Intent\.gradle\checksums)" [_thread_blocked, id=12280, stack(0x000000001d560000,0x000000001d660000)]
  0x00000000151bb000 JavaThread "Cache worker for file hash cache (C:\Users\LUCKY\.gradle\caches\6.1.1\fileHashes)" [_thread_blocked, id=12104, stack(0x000000001af10000,0x000000001b010000)]
  0x00000000151bc800 JavaThread "File lock request listener" [_thread_in_native, id=2576, stack(0x000000001ae10000,0x000000001af10000)]
  0x0000000018f26000 JavaThread "Cache worker for journal cache (C:\Users\LUCKY\.gradle\caches\journal-1)" [_thread_blocked, id=10780, stack(0x000000001ad10000,0x000000001ae10000)]
  0x0000000018cbf000 JavaThread "Thread-9" [_thread_blocked, id=6640, stack(0x000000001aa10000,0x000000001ab10000)]
  0x0000000018cdf000 JavaThread "Stdin handler" [_thread_blocked, id=11360, stack(0x000000001a910000,0x000000001aa10000)]
  0x0000000018cc7800 JavaThread "Asynchronous log dispatcher for DefaultDaemonConnection: socket connection from /127.0.0.1:50957 to /127.0.0.1:50958" [_thread_blocked, id=1044, stack(0x000000001a810000,0x000000001a910000)]
  0x0000000018cbe000 JavaThread "Daemon worker" [_thread_in_vm, id=5872, stack(0x000000001a710000,0x000000001a810000)]
  0x0000000018cbd800 JavaThread "Cancel handler" [_thread_blocked, id=8620, stack(0x000000001a610000,0x000000001a710000)]
  0x00000000178eb000 JavaThread "Handler for socket connection from /127.0.0.1:50957 to /127.0.0.1:50958" [_thread_in_native, id=6948, stack(0x000000001a310000,0x000000001a410000)]
  0x0000000018c9b800 JavaThread "Daemon" [_thread_blocked, id=9560, stack(0x000000001a210000,0x000000001a310000)]
  0x0000000018c21000 JavaThread "Daemon periodic checks" [_thread_blocked, id=10684, stack(0x000000001a110000,0x000000001a210000)]
  0x0000000018c1b800 JavaThread "Incoming local TCP Connector on port 50957" [_thread_in_native, id=9348, stack(0x0000000019ed0000,0x0000000019fd0000)]
  0x0000000018b6c000 JavaThread "Daemon health stats" [_thread_blocked, id=11948, stack(0x0000000019890000,0x0000000019990000)]
  0x0000000016b30800 JavaThread "Service Thread" daemon [_thread_blocked, id=8144, stack(0x0000000016ef0000,0x0000000016ff0000)]
  0x00000000151bd800 JavaThread "C1 CompilerThread2" daemon [_thread_blocked, id=10876, stack(0x00000000169f0000,0x0000000016af0000)]
  0x00000000151a9000 JavaThread "C2 CompilerThread1" daemon [_thread_in_native, id=1864, stack(0x00000000168f0000,0x00000000169f0000)]
=>0x00000000151a3000 JavaThread "C2 CompilerThread0" daemon [_thread_in_native, id=11020, stack(0x00000000167f0000,0x00000000168f0000)]
  0x00000000151a1800 JavaThread "Attach Listener" daemon [_thread_blocked, id=11364, stack(0x00000000166f0000,0x00000000167f0000)]
  0x00000000151a0800 JavaThread "Signal Dispatcher" daemon [_thread_blocked, id=8128, stack(0x00000000165f0000,0x00000000166f0000)]
  0x0000000002a69800 JavaThread "Finalizer" daemon [_thread_blocked, id=428, stack(0x00000000163f0000,0x00000000164f0000)]
  0x0000000002a61000 JavaThread "Reference Handler" daemon [_thread_blocked, id=11216, stack(0x00000000162f0000,0x00000000163f0000)]
  0x0000000002acd800 JavaThread "main" [_thread_blocked, id=6560, stack(0x00000000010b0000,0x00000000011b0000)]

Other Threads:
  0x0000000015166000 VMThread [stack: 0x00000000161f0000,0x00000000162f0000] [id=3228]
  0x0000000016b31800 WatcherThread [stack: 0x0000000016ff0000,0x00000000170f0000] [id=3032]

VM state:not at safepoint (normal execution)

VM Mutex/Monitor currently owned by a thread: None

heap address: 0x00000000c0000000, size: 1024 MB, Compressed Oops mode: 32-bit
Narrow klass base: 0x0000000000000000, Narrow klass shift: 3
Compressed class space size: 1073741824 Address: 0x0000000100000000

Heap:
 PSYoungGen      total 200704K, used 43904K [0x00000000eab00000, 0x00000000f7d80000, 0x0000000100000000)
  eden space 188928K, 23% used [0x00000000eab00000,0x00000000ed5e02f0,0x00000000f6380000)
  from space 11776K, 0% used [0x00000000f7200000,0x00000000f7200000,0x00000000f7d80000)
  to   space 13312K, 0% used [0x00000000f6380000,0x00000000f6380000,0x00000000f7080000)
 ParOldGen       total 32256K, used 15545K [0x00000000c0000000, 0x00000000c1f80000, 0x00000000eab00000)
  object space 32256K, 48% used [0x00000000c0000000,0x00000000c0f2e788,0x00000000c1f80000)
 Metaspace       used 36197K, capacity 37406K, committed 37672K, reserved 1081344K
  class space    used 4990K, capacity 5302K, committed 5424K, reserved 1048576K

Card table byte_map: [0x0000000011e90000,0x00000000120a0000] byte_map_base: 0x0000000011890000

Marking Bits: (ParMarkBitMap*) 0x0000000061e4f030
 Begin Bits: [0x0000000012600000, 0x0000000013600000)
 End Bits:   [0x0000000013600000, 0x0000000014600000)

Polling page: 0x0000000000c50000

CodeCache: size=245760Kb used=11454Kb max_used=11954Kb free=234305Kb
 bounds [0x0000000002ad0000, 0x0000000003690000, 0x0000000011ad0000]
 total_blobs=3985 nmethods=3282 adapters=616
 compilation: enabled

Compilation events (10 events):
Event: 7.233 Thread 0x00000000151bd800 nmethod 3487 0x0000000002c02690 code [0x0000000002c02880, 0x0000000002c03208]
Event: 7.233 Thread 0x00000000151bd800 3488       3       groovy.lang.MetaClassImpl::inheritedOrPublic (26 bytes)
Event: 7.233 Thread 0x00000000151bd800 nmethod 3488 0x0000000002c700d0 code [0x0000000002c70260, 0x0000000002c707b0]
Event: 7.234 Thread 0x00000000151bd800 3489       3       org.codehaus.groovy.reflection.CachedField::<init> (18 bytes)
Event: 7.234 Thread 0x00000000151bd800 nmethod 3489 0x0000000002c5d9d0 code [0x0000000002c5db40, 0x0000000002c5deb0]
Event: 7.236 Thread 0x00000000151bd800 3490       3       groovyjarjarasm.asm.SymbolTable::get (13 bytes)
Event: 7.237 Thread 0x00000000151bd800 nmethod 3490 0x0000000002edca10 code [0x0000000002edcb60, 0x0000000002edccf0]
Event: 7.255 Thread 0x00000000151bd800 3491       3       sun.misc.ProxyGenerator::addProxyMethod (234 bytes)
Event: 7.258 Thread 0x00000000151bd800 nmethod 3491 0x0000000002d98310 code [0x0000000002d98660, 0x0000000002d9a2e8]
Event: 7.258 Thread 0x00000000151bd800 3492       3       sun.misc.ProxyGenerator$MethodInfo::<init> (86 bytes)

GC Heap History (10 events):
Event: 3.850 GC heap before
{Heap before GC invocations=8 (full 0):
 PSYoungGen      total 71680K, used 10663K [0x00000000eab00000, 0x00000000f3c00000, 0x0000000100000000)
  eden space 64512K, 5% used [0x00000000eab00000,0x00000000eae71918,0x00000000eea00000)
  from space 7168K, 99% used [0x00000000eea00000,0x00000000ef0f8330,0x00000000ef100000)
  to   space 9728K, 0% used [0x00000000f3280000,0x00000000f3280000,0x00000000f3c00000)
 ParOldGen       total 44032K, used 8044K [0x00000000c0000000, 0x00000000c2b00000, 0x00000000eab00000)
  object space 44032K, 18% used [0x00000000c0000000,0x00000000c07db028,0x00000000c2b00000)
 Metaspace       used 20639K, capacity 21256K, committed 21296K, reserved 1067008K
  class space    used 2894K, capacity 3116K, committed 3120K, reserved 1048576K
Event: 3.865 GC heap after
Heap after GC invocations=8 (full 0):
 PSYoungGen      total 138752K, used 3920K [0x00000000eab00000, 0x00000000f3c00000, 0x0000000100000000)
  eden space 129024K, 0% used [0x00000000eab00000,0x00000000eab00000,0x00000000f2900000)
  from space 9728K, 40% used [0x00000000f3280000,0x00000000f3654040,0x00000000f3c00000)
  to   space 9728K, 0% used [0x00000000f2900000,0x00000000f2900000,0x00000000f3280000)
 ParOldGen       total 44032K, used 8732K [0x00000000c0000000, 0x00000000c2b00000, 0x00000000eab00000)
  object space 44032K, 19% used [0x00000000c0000000,0x00000000c0887028,0x00000000c2b00000)
 Metaspace       used 20639K, capacity 21256K, committed 21296K, reserved 1067008K
  class space    used 2894K, capacity 3116K, committed 3120K, reserved 1048576K
}
Event: 3.865 GC heap before
{Heap before GC invocations=9 (full 1):
 PSYoungGen      total 138752K, used 3920K [0x00000000eab00000, 0x00000000f3c00000, 0x0000000100000000)
  eden space 129024K, 0% used [0x00000000eab00000,0x00000000eab00000,0x00000000f2900000)
  from space 9728K, 40% used [0x00000000f3280000,0x00000000f3654040,0x00000000f3c00000)
  to   space 9728K, 0% used [0x00000000f2900000,0x00000000f2900000,0x00000000f3280000)
 ParOldGen       total 44032K, used 8732K [0x00000000c0000000, 0x00000000c2b00000, 0x00000000eab00000)
  object space 44032K, 19% used [0x00000000c0000000,0x00000000c0887028,0x00000000c2b00000)
 Metaspace       used 20639K, capacity 21256K, committed 21296K, reserved 1067008K
  class space    used 2894K, capacity 3116K, committed 3120K, reserved 1048576K
Event: 3.940 GC heap after
Heap after GC invocations=9 (full 1):
 PSYoungGen      total 138752K, used 0K [0x00000000eab00000, 0x00000000f3c00000, 0x0000000100000000)
  eden space 129024K, 0% used [0x00000000eab00000,0x00000000eab00000,0x00000000f2900000)
  from space 9728K, 0% used [0x00000000f3280000,0x00000000f3280000,0x00000000f3c00000)
  to   space 9728K, 0% used [0x00000000f2900000,0x00000000f2900000,0x00000000f3280000)
 ParOldGen       total 32256K, used 8957K [0x00000000c0000000, 0x00000000c1f80000, 0x00000000eab00000)
  object space 32256K, 27% used [0x00000000c0000000,0x00000000c08bf4c8,0x00000000c1f80000)
 Metaspace       used 20639K, capacity 21256K, committed 21296K, reserved 1067008K
  class space    used 2894K, capacity 3116K, committed 3120K, reserved 1048576K
}
Event: 5.827 GC heap before
{Heap before GC invocations=10 (full 1):
 PSYoungGen      total 138752K, used 129024K [0x00000000eab00000, 0x00000000f3c00000, 0x0000000100000000)
  eden space 129024K, 100% used [0x00000000eab00000,0x00000000f2900000,0x00000000f2900000)
  from space 9728K, 0% used [0x00000000f3280000,0x00000000f3280000,0x00000000f3c00000)
  to   space 9728K, 0% used [0x00000000f2900000,0x00000000f2900000,0x00000000f3280000)
 ParOldGen       total 32256K, used 8957K [0x00000000c0000000, 0x00000000c1f80000, 0x00000000eab00000)
  object space 32256K, 27% used [0x00000000c0000000,0x00000000c08bf4c8,0x00000000c1f80000)
 Metaspace       used 32241K, capacity 32980K, committed 33072K, reserved 1077248K
  class space    used 4404K, capacity 4609K, committed 4656K, reserved 1048576K
Event: 5.852 GC heap after
Heap after GC invocations=10 (full 1):
 PSYoungGen      total 138752K, used 9715K [0x00000000eab00000, 0x00000000f7e00000, 0x0000000100000000)
  eden space 129024K, 0% used [0x00000000eab00000,0x00000000eab00000,0x00000000f2900000)
  from space 9728K, 99% used [0x00000000f2900000,0x00000000f327cd30,0x00000000f3280000)
  to   space 12288K, 0% used [0x00000000f7200000,0x00000000f7200000,0x00000000f7e00000)
 ParOldGen       total 32256K, used 12504K [0x00000000c0000000, 0x00000000c1f80000, 0x00000000eab00000)
  object space 32256K, 38% used [0x00000000c0000000,0x00000000c0c362b8,0x00000000c1f80000)
 Metaspace       used 32241K, capacity 32980K, committed 33072K, reserved 1077248K
  class space    used 4404K, capacity 4609K, committed 4656K, reserved 1048576K
}
Event: 6.364 GC heap before
{Heap before GC invocations=11 (full 1):
 PSYoungGen      total 138752K, used 58494K [0x00000000eab00000, 0x00000000f7e00000, 0x0000000100000000)
  eden space 129024K, 37% used [0x00000000eab00000,0x00000000edaa2d88,0x00000000f2900000)
  from space 9728K, 99% used [0x00000000f2900000,0x00000000f327cd30,0x00000000f3280000)
  to   space 12288K, 0% used [0x00000000f7200000,0x00000000f7200000,0x00000000f7e00000)
 ParOldGen       total 32256K, used 12504K [0x00000000c0000000, 0x00000000c1f80000, 0x00000000eab00000)
  object space 32256K, 38% used [0x00000000c0000000,0x00000000c0c362b8,0x00000000c1f80000)
 Metaspace       used 34576K, capacity 35406K, committed 35496K, reserved 1079296K
  class space    used 4744K, capacity 4972K, committed 5040K, reserved 1048576K
Event: 6.378 GC heap after
Heap after GC invocations=11 (full 1):
 PSYoungGen      total 200704K, used 9013K [0x00000000eab00000, 0x00000000f7d80000, 0x0000000100000000)
  eden space 188928K, 0% used [0x00000000eab00000,0x00000000eab00000,0x00000000f6380000)
  from space 11776K, 76% used [0x00000000f7200000,0x00000000f7acd430,0x00000000f7d80000)
  to   space 13312K, 0% used [0x00000000f6380000,0x00000000f6380000,0x00000000f7080000)
 ParOldGen       total 32256K, used 12512K [0x00000000c0000000, 0x00000000c1f80000, 0x00000000eab00000)
  object space 32256K, 38% used [0x00000000c0000000,0x00000000c0c382b8,0x00000000c1f80000)
 Metaspace       used 34576K, capacity 35406K, committed 35496K, reserved 1079296K
  class space    used 4744K, capacity 4972K, committed 5040K, reserved 1048576K
}
Event: 6.378 GC heap before
{Heap before GC invocations=12 (full 2):
 PSYoungGen      total 200704K, used 9013K [0x00000000eab00000, 0x00000000f7d80000, 0x0000000100000000)
  eden space 188928K, 0% used [0x00000000eab00000,0x00000000eab00000,0x00000000f6380000)
  from space 11776K, 76% used [0x00000000f7200000,0x00000000f7acd430,0x00000000f7d80000)
  to   space 13312K, 0% used [0x00000000f6380000,0x00000000f6380000,0x00000000f7080000)
 ParOldGen       total 32256K, used 12512K [0x00000000c0000000, 0x00000000c1f80000, 0x00000000eab00000)
  object space 32256K, 38% used [0x00000000c0000000,0x00000000c0c382b8,0x00000000c1f80000)
 Metaspace       used 34576K, capacity 35406K, committed 35496K, reserved 1079296K
  class space    used 4744K, capacity 4972K, committed 5040K, reserved 1048576K
Event: 6.492 GC heap after
Heap after GC invocations=12 (full 2):
 PSYoungGen      total 200704K, used 0K [0x00000000eab00000, 0x00000000f7d80000, 0x0000000100000000)
  eden space 188928K, 0% used [0x00000000eab00000,0x00000000eab00000,0x00000000f6380000)
  from space 11776K, 0% used [0x00000000f7200000,0x00000000f7200000,0x00000000f7d80000)
  to   space 13312K, 0% used [0x00000000f6380000,0x00000000f6380000,0x00000000f7080000)
 ParOldGen       total 32256K, used 15545K [0x00000000c0000000, 0x00000000c1f80000, 0x00000000eab00000)
  object space 32256K, 48% used [0x00000000c0000000,0x00000000c0f2e788,0x00000000c1f80000)
 Metaspace       used 34576K, capacity 35406K, committed 35496K, reserved 1079296K
  class space    used 4744K, capacity 4972K, committed 5040K, reserved 1048576K
}

Deoptimization events (10 events):
Event: 6.767 Thread 0x000000001904d800 Uncommon trap: reason=unstable_if action=reinterpret pc=0x00000000030d3a14 method=java.util.concurrent.ConcurrentHashMap.addCount(JI)V @ 168
Event: 6.767 Thread 0x000000001904d800 Uncommon trap: reason=unstable_if action=reinterpret pc=0x0000000002fd0f0c method=java.util.concurrent.ConcurrentHashMap.transfer([Ljava/util/concurrent/ConcurrentHashMap$Node;[Ljava/util/concurrent/ConcurrentHashMap$Node;)V @ 34
Event: 6.769 Thread 0x0000000019050800 Uncommon trap: reason=unstable_if action=reinterpret pc=0x0000000002fd0f3c method=java.util.concurrent.ConcurrentHashMap.transfer([Ljava/util/concurrent/ConcurrentHashMap$Node;[Ljava/util/concurrent/ConcurrentHashMap$Node;)V @ 277
Event: 6.769 Thread 0x0000000019050800 Uncommon trap: reason=unstable_if action=reinterpret pc=0x00000000030d3a14 method=java.util.concurrent.ConcurrentHashMap.addCount(JI)V @ 168
Event: 6.769 Thread 0x0000000019050800 Uncommon trap: reason=unstable_if action=reinterpret pc=0x00000000034c0618 method=java.util.concurrent.ConcurrentHashMap.get(Ljava/lang/Object;)Ljava/lang/Object; @ 86
Event: 6.770 Thread 0x0000000018cbe000 Uncommon trap: reason=unstable_if action=reinterpret pc=0x0000000002f94d94 method=java.util.concurrent.ConcurrentHashMap.addCount(JI)V @ 168
Event: 6.962 Thread 0x0000000018cbe000 Uncommon trap: reason=unstable_if action=reinterpret pc=0x0000000002e2a82c method=java.util.jar.JarFile.match([C[B[I[I)Z @ 29
Event: 7.049 Thread 0x0000000018cbe000 Uncommon trap: reason=bimorphic action=maybe_recompile pc=0x0000000003652f04 method=java.util.AbstractCollection.addAll(Ljava/util/Collection;)Z @ 29
Event: 7.190 Thread 0x0000000018cbe000 Uncommon trap: reason=unstable_if action=reinterpret pc=0x0000000002e52bd0 method=java.util.regex.Pattern.has(I)Z @ 6
Event: 7.192 Thread 0x0000000018cbe000 Uncommon trap: reason=bimorphic action=maybe_recompile pc=0x0000000003652f04 method=java.util.AbstractCollection.addAll(Ljava/util/Collection;)Z @ 29

Classes redefined (0 events):
No events

Internal exceptions (10 events):
Event: 7.196 Thread 0x0000000018cbf000 Exception <a 'java/lang/NoSuchMethodError': <clinit>> (0x00000000eab27100) thrown at [C:\src\AOSP-openjdk-git\hotspot\src\share\vm\prims\jni.cpp, line 1615]
Event: 7.197 Thread 0x0000000018cbf000 Exception <a 'java/lang/NoSuchMethodError': <clinit>> (0x00000000eab289f8) thrown at [C:\src\AOSP-openjdk-git\hotspot\src\share\vm\prims\jni.cpp, line 1615]
Event: 7.197 Thread 0x0000000018cbf000 Exception <a 'java/lang/NoSuchMethodError': <clinit>> (0x00000000eab29f20) thrown at [C:\src\AOSP-openjdk-git\hotspot\src\share\vm\prims\jni.cpp, line 1615]
Event: 7.199 Thread 0x0000000018cbf000 Exception <a 'java/lang/NoSuchMethodError': <clinit>> (0x00000000eab34190) thrown at [C:\src\AOSP-openjdk-git\hotspot\src\share\vm\prims\jni.cpp, line 1615]
Event: 7.206 Thread 0x0000000018cbf000 Exception <a 'java/lang/NoSuchMethodError': <clinit>> (0x00000000eab3f0b0) thrown at [C:\src\AOSP-openjdk-git\hotspot\src\share\vm\prims\jni.cpp, line 1615]
Event: 7.211 Thread 0x0000000018cbf000 Exception <a 'java/lang/NoSuchMethodError': <clinit>> (0x00000000eab524b8) thrown at [C:\src\AOSP-openjdk-git\hotspot\src\share\vm\prims\jni.cpp, line 1615]
Event: 7.229 Thread 0x0000000018cbe000 Exception <a 'java/lang/ClassNotFoundException': build_8widrdy1i8zx6qo2tt6r213onBeanInfo> (0x00000000ed289930) thrown at [C:\src\AOSP-openjdk-git\hotspot\src\share\vm\classfile\systemDictionary.cpp, line 210]
Event: 7.230 Thread 0x0000000018cbe000 Exception <a 'java/lang/ClassNotFoundException': build_8widrdy1i8zx6qo2tt6r213onCustomizer> (0x00000000ed296ad0) thrown at [C:\src\AOSP-openjdk-git\hotspot\src\share\vm\classfile\systemDictionary.cpp, line 210]
Event: 7.242 Thread 0x0000000018cbe000 Exception <a 'java/lang/ClassNotFoundException': org/gradle/api/internal/plugins/DefaultObjectConfigurationActionBeanInfo> (0x00000000ed3118a8) thrown at [C:\src\AOSP-openjdk-git\hotspot\src\share\vm\classfile\systemDictionary.cpp, line 210]
Event: 7.243 Thread 0x0000000018cbe000 Exception <a 'java/lang/ClassNotFoundException': org/gradle/api/internal/plugins/DefaultObjectConfigurationActionCustomizer> (0x00000000ed356a78) thrown at [C:\src\AOSP-openjdk-git\hotspot\src\share\vm\classfile\systemDictionary.cpp, line 210]

Events (10 events):
Event: 7.254 loading class kotlin/annotation/Retention
Event: 7.254 loading class kotlin/annotation/Retention done
Event: 7.254 loading class kotlin/annotation/Target
Event: 7.254 loading class kotlin/annotation/Target done
Event: 7.258 loading class kotlin/Deprecated
Event: 7.258 loading class kotlin/Deprecated done
Event: 7.258 loading class kotlin/Deprecated
Event: 7.258 loading class kotlin/Deprecated done
Event: 7.259 loading class kotlin/ReplaceWith
Event: 7.259 loading class kotlin/ReplaceWith done


Dynamic libraries:
0x00007ff7c3a80000 - 0x00007ff7c3ab1000 	E:\Android\Android Studio2\jre\bin\java.exe
0x00007ffe97a00000 - 0x00007ffe97bf0000 	C:\WINDOWS\SYSTEM32\ntdll.dll
0x00007ffe96980000 - 0x00007ffe96a32000 	C:\WINDOWS\System32\KERNEL32.DLL
0x00007ffe94a10000 - 0x00007ffe94cb4000 	C:\WINDOWS\System32\KERNELBASE.dll
0x00007ffe96dd0000 - 0x00007ffe96e73000 	C:\WINDOWS\System32\ADVAPI32.dll
0x00007ffe97780000 - 0x00007ffe9781e000 	C:\WINDOWS\System32\msvcrt.dll
0x00007ffe96680000 - 0x00007ffe96717000 	C:\WINDOWS\System32\sechost.dll
0x00007ffe97590000 - 0x00007ffe976b0000 	C:\WINDOWS\System32\RPCRT4.dll
0x00007ffe97820000 - 0x00007ffe979b4000 	C:\WINDOWS\System32\USER32.dll
0x00007ffe957e0000 - 0x00007ffe95801000 	C:\WINDOWS\System32\win32u.dll
0x00007ffe95bc0000 - 0x00007ffe95be6000 	C:\WINDOWS\System32\GDI32.dll
0x00007ffe95870000 - 0x00007ffe95a04000 	C:\WINDOWS\System32\gdi32full.dll
0x00007ffe94d90000 - 0x00007ffe94e2e000 	C:\WINDOWS\System32\msvcp_win.dll
0x00007ffe95a10000 - 0x00007ffe95b0a000 	C:\WINDOWS\System32\ucrtbase.dll
0x00007ffe848c0000 - 0x00007ffe84b44000 	C:\WINDOWS\WinSxS\amd64_microsoft.windows.common-controls_6595b64144ccf1df_6.0.18362.836_none_e6c4b943130f18ed\COMCTL32.dll
0x00007ffe96340000 - 0x00007ffe96676000 	C:\WINDOWS\System32\combase.dll
0x00007ffe94d10000 - 0x00007ffe94d90000 	C:\WINDOWS\System32\bcryptPrimitives.dll
0x00007ffe96750000 - 0x00007ffe9677e000 	C:\WINDOWS\System32\IMM32.DLL
0x00000000615a0000 - 0x0000000061672000 	E:\Android\Android Studio2\jre\jre\bin\msvcr100.dll
0x0000000061680000 - 0x0000000061ecb000 	E:\Android\Android Studio2\jre\jre\bin\server\jvm.dll
0x00007ffe97580000 - 0x00007ffe97588000 	C:\WINDOWS\System32\PSAPI.DLL
0x00007ffe818b0000 - 0x00007ffe818b9000 	C:\WINDOWS\SYSTEM32\WSOCK32.dll
0x00007ffe92380000 - 0x00007ffe923a4000 	C:\WINDOWS\SYSTEM32\WINMM.dll
0x00007ffe86660000 - 0x00007ffe8666a000 	C:\WINDOWS\SYSTEM32\VERSION.dll
0x00007ffe974a0000 - 0x00007ffe9750f000 	C:\WINDOWS\System32\WS2_32.dll
0x00007ffe92350000 - 0x00007ffe9237d000 	C:\WINDOWS\SYSTEM32\WINMMBASE.dll
0x00007ffe94cc0000 - 0x00007ffe94d0a000 	C:\WINDOWS\System32\cfgmgr32.dll
0x00007ffe908b0000 - 0x00007ffe908bf000 	E:\Android\Android Studio2\jre\jre\bin\verify.dll
0x00007ffe8ef10000 - 0x00007ffe8ef39000 	E:\Android\Android Studio2\jre\jre\bin\java.dll
0x00007ffe8dfd0000 - 0x00007ffe8dfe6000 	E:\Android\Android Studio2\jre\jre\bin\zip.dll
0x00007ffe95c50000 - 0x00007ffe96334000 	C:\WINDOWS\System32\SHELL32.dll
0x00007ffe95b10000 - 0x00007ffe95bb9000 	C:\WINDOWS\System32\shcore.dll
0x00007ffe94f80000 - 0x00007ffe956fe000 	C:\WINDOWS\System32\windows.storage.dll
0x00007ffe94950000 - 0x00007ffe94973000 	C:\WINDOWS\System32\profapi.dll
0x00007ffe94980000 - 0x00007ffe949ca000 	C:\WINDOWS\System32\powrprof.dll
0x00007ffe94920000 - 0x00007ffe94930000 	C:\WINDOWS\System32\UMPDC.dll
0x00007ffe97520000 - 0x00007ffe97572000 	C:\WINDOWS\System32\shlwapi.dll
0x00007ffe949d0000 - 0x00007ffe949e1000 	C:\WINDOWS\System32\kernel.appcore.dll
0x00007ffe949f0000 - 0x00007ffe94a07000 	C:\WINDOWS\System32\cryptsp.dll
0x00007ffe8de10000 - 0x00007ffe8de2a000 	E:\Android\Android Studio2\jre\jre\bin\net.dll
0x00007ffe94130000 - 0x00007ffe94197000 	C:\WINDOWS\system32\mswsock.dll
0x00007ffe8ddf0000 - 0x00007ffe8de03000 	E:\Android\Android Studio2\jre\jre\bin\nio.dll
0x00007ffe86a60000 - 0x00007ffe86a86000 	C:\Users\LUCKY\.gradle\native\31\windows-amd64\native-platform.dll
0x00007ffe8ef00000 - 0x00007ffe8ef0d000 	E:\Android\Android Studio2\jre\jre\bin\management.dll
0x00007ffe93ca0000 - 0x00007ffe93cd3000 	C:\WINDOWS\system32\rsaenh.dll
0x00007ffe957b0000 - 0x00007ffe957d6000 	C:\WINDOWS\System32\bcrypt.dll
0x00007ffe94840000 - 0x00007ffe94865000 	C:\WINDOWS\SYSTEM32\USERENV.dll
0x00007ffe94300000 - 0x00007ffe9430c000 	C:\WINDOWS\SYSTEM32\CRYPTBASE.dll
0x00007ffe93e40000 - 0x00007ffe93e7a000 	C:\WINDOWS\SYSTEM32\IPHLPAPI.DLL
0x00007ffe97510000 - 0x00007ffe97518000 	C:\WINDOWS\System32\NSI.dll
0x00007ffe8bc20000 - 0x00007ffe8bc36000 	C:\WINDOWS\SYSTEM32\dhcpcsvc6.DLL
0x00007ffe8bdd0000 - 0x00007ffe8bdec000 	C:\WINDOWS\SYSTEM32\dhcpcsvc.DLL
0x00007ffe93e80000 - 0x00007ffe93f4b000 	C:\WINDOWS\SYSTEM32\DNSAPI.dll

VM Arguments:
jvm_args: -Xmx1024m -Dfile.encoding=windows-1252 -Duser.country=US -Duser.language=en -Duser.variant 
java_command: org.gradle.launcher.daemon.bootstrap.GradleDaemon 6.1.1
java_class_path (initial): C:\Users\LUCKY\.gradle\wrapper\dists\gradle-6.1.1-all\cfmwm155h49vnt3hynmlrsdst\gradle-6.1.1\lib\gradle-launcher-6.1.1.jar
Launcher Type: SUN_STANDARD

Environment Variables:
PATH=C:\Program Files\Common Files\Oracle\Java\javapath;C:\WINDOWS\system32;C:\WINDOWS;C:\WINDOWS\System32\Wbem;C:\WINDOWS\System32\WindowsPowerShell\v1.0\;C:\Program Files\Java\jdk1.8.0_241\bin;C:\WINDOWS\System32\OpenSSH\;E:\Git\cmd;C:\Users\LUCKY\AppData\Local\Microsoft\WindowsApps;
USERNAME=LUCKY
OS=Windows_NT
PROCESSOR_IDENTIFIER=Intel64 Family 6 Model 61 Stepping 4, GenuineIntel



---------------  S Y S T E M  ---------------

OS: Windows 10.0 , 64 bit Build 18362 (10.0.18362.778)

CPU:total 4 (initial active 4) (2 cores per cpu, 2 threads per core) family 6 model 61 stepping 4, cmov, cx8, fxsr, mmx, sse, sse2, sse3, ssse3, sse4.1, sse4.2, popcnt, avx, avx2, aes, clmul, erms, 3dnowpref, lzcnt, ht, tsc, tscinvbit, bmi1, bmi2, adx

Memory: 4k page, physical 4107804k(852016k free), swap 4177808k(5332k free)

vm_info: OpenJDK 64-Bit Server VM (25.242-b01) for windows-amd64 JRE (1.8.0_242-release-1644-b01), built by "builder" with MS VC++ 10.0 (VS2010)

time: Wed Nov 18 17:24:04 2020
timezone: Pakistan Standard Time
elapsed time: 7 seconds (0d 0h 0m 7s)

