#
# There is insufficient memory for the Java Runtime Environment to continue.
# Native memory allocation (malloc) failed to allocate 1330816 bytes for Chunk::new
# Possible reasons:
#   The system is out of physical RAM or swap space
#   The process is running with CompressedOops enabled, and the Java Heap may be blocking the growth of the native heap
# Possible solutions:
#   Reduce memory load on the system
#   Increase physical memory or swap space
#   Check if swap backing store is full
#   Decrease Java heap size (-Xmx/-Xms)
#   Decrease number of Java threads
#   Decrease Java thread stack sizes (-Xss)
#   Set larger code cache with -XX:ReservedCodeCacheSize=
#   JVM is running with Unscaled Compressed Oops mode in which the Java heap is
#     placed in the first 4GB address space. The Java Heap base address is the
#     maximum limit for the native heap growth. Please use -XX:HeapBaseMinAddress
#     to set the Java Heap base and to place the Java Heap above 4GB virtual address.
# This output file may be truncated or incomplete.
#
#  Out of Memory Error (allocation.cpp:389), pid=2844, tid=0x0000000000002574
#
# JRE version: OpenJDK Runtime Environment (8.0_242-b01) (build 1.8.0_242-release-1644-b01)
# Java VM: OpenJDK 64-Bit Server VM (25.242-b01 mixed mode windows-amd64 compressed oops)
# Failed to write core dump. Minidumps are not enabled by default on client versions of Windows
#

---------------  T H R E A D  ---------------

Current thread (0x00000000151fa800):  JavaThread "C2 CompilerThread1" daemon [_thread_in_native, id=9588, stack(0x0000000016950000,0x0000000016a50000)]

Stack: [0x0000000016950000,0x0000000016a50000]
[error occurred during error reporting (printing stack bounds), id 0xc0000005]

Native frames: (J=compiled Java code, j=interpreted, Vv=VM code, C=native code)


Current CompileTask:
C2:   3659 1482   !   4       java.net.URLClassLoader$1::run (63 bytes)


---------------  P R O C E S S  ---------------

Java Threads: ( => current thread )
  0x0000000019101800 JavaThread "Cache worker for file hash cache (C:\Users\LUCKY\.gradle\caches\6.1.1\fileHashes)" [_thread_blocked, id=1012, stack(0x000000001afc0000,0x000000001b0c0000)]
  0x0000000019100800 JavaThread "File lock request listener" [_thread_in_native, id=11140, stack(0x000000001aec0000,0x000000001afc0000)]
  0x0000000019042800 JavaThread "Cache worker for journal cache (C:\Users\LUCKY\.gradle\caches\journal-1)" [_thread_blocked, id=9636, stack(0x000000001adc0000,0x000000001aec0000)]
  0x0000000018fc4800 JavaThread "Thread-9" [_thread_blocked, id=7060, stack(0x000000001aac0000,0x000000001abc0000)]
  0x0000000018fc3000 JavaThread "Stdin handler" [_thread_blocked, id=10704, stack(0x000000001a9c0000,0x000000001aac0000)]
  0x000000001906d800 JavaThread "Asynchronous log dispatcher for DefaultDaemonConnection: socket connection from /127.0.0.1:49858 to /127.0.0.1:49859" [_thread_blocked, id=10664, stack(0x000000001a8c0000,0x000000001a9c0000)]
  0x0000000019068800 JavaThread "Daemon worker" [_thread_in_vm, id=9948, stack(0x000000001a7c0000,0x000000001a8c0000)]
  0x0000000018fca000 JavaThread "Cancel handler" [_thread_blocked, id=10152, stack(0x000000001a6c0000,0x000000001a7c0000)]
  0x0000000018f8e800 JavaThread "Handler for socket connection from /127.0.0.1:49858 to /127.0.0.1:49859" [_thread_in_native, id=9420, stack(0x000000001a3c0000,0x000000001a4c0000)]
  0x0000000018f87800 JavaThread "Daemon" [_thread_blocked, id=10484, stack(0x000000001a2c0000,0x000000001a3c0000)]
  0x0000000018f0a800 JavaThread "Daemon periodic checks" [_thread_blocked, id=10432, stack(0x000000001a1c0000,0x000000001a2c0000)]
  0x0000000018ebf000 JavaThread "Incoming local TCP Connector on port 49858" [_thread_in_native, id=10160, stack(0x0000000017250000,0x0000000017350000)]
  0x0000000018e83000 JavaThread "Daemon health stats" [_thread_blocked, id=8752, stack(0x0000000017150000,0x0000000017250000)]
  0x000000001524e000 JavaThread "Service Thread" daemon [_thread_blocked, id=11020, stack(0x0000000016f50000,0x0000000017050000)]
  0x0000000015205800 JavaThread "C1 CompilerThread2" daemon [_thread_blocked, id=11080, stack(0x0000000016a50000,0x0000000016b50000)]
=>0x00000000151fa800 JavaThread "C2 CompilerThread1" daemon [_thread_in_native, id=9588, stack(0x0000000016950000,0x0000000016a50000)]
  0x00000000151f2800 JavaThread "C2 CompilerThread0" daemon [_thread_in_native, id=7140, stack(0x0000000016850000,0x0000000016950000)]
  0x00000000151f6800 JavaThread "Attach Listener" daemon [_thread_blocked, id=2092, stack(0x0000000016750000,0x0000000016850000)]
  0x00000000151f5800 JavaThread "Signal Dispatcher" daemon [_thread_blocked, id=10404, stack(0x0000000016650000,0x0000000016750000)]
  0x0000000002b19800 JavaThread "Finalizer" daemon [_thread_blocked, id=2080, stack(0x0000000016450000,0x0000000016550000)]
  0x0000000002b11000 JavaThread "Reference Handler" daemon [_thread_blocked, id=1768, stack(0x0000000016350000,0x0000000016450000)]
  0x000000000291d800 JavaThread "main" [_thread_blocked, id=9784, stack(0x0000000002920000,0x0000000002a20000)]

Other Threads:
  0x00000000151b6000 VMThread [stack: 0x0000000016250000,0x0000000016350000] [id=9484]
  0x0000000016b83000 WatcherThread [stack: 0x0000000017050000,0x0000000017150000] [id=7684]

VM state:not at safepoint (normal execution)

VM Mutex/Monitor currently owned by a thread: None

heap address: 0x00000000c0000000, size: 1024 MB, Compressed Oops mode: 32-bit
Narrow klass base: 0x0000000000000000, Narrow klass shift: 3
Compressed class space size: 1073741824 Address: 0x0000000100000000

Heap:
 PSYoungGen      total 70656K, used 29552K [0x00000000eab00000, 0x00000000ef900000, 0x0000000100000000)
  eden space 64512K, 36% used [0x00000000eab00000,0x00000000ec1facb8,0x00000000eea00000)
  from space 6144K, 97% used [0x00000000ef100000,0x00000000ef6e13b8,0x00000000ef700000)
  to   space 7168K, 0% used [0x00000000eea00000,0x00000000eea00000,0x00000000ef100000)
 ParOldGen       total 44032K, used 5183K [0x00000000c0000000, 0x00000000c2b00000, 0x00000000eab00000)
  object space 44032K, 11% used [0x00000000c0000000,0x00000000c050ff00,0x00000000c2b00000)
 Metaspace       used 17087K, capacity 17592K, committed 17920K, reserved 1064960K
  class space    used 2335K, capacity 2494K, committed 2560K, reserved 1048576K

Card table byte_map: [0x0000000011ee0000,0x00000000120f0000] byte_map_base: 0x00000000118e0000

Marking Bits: (ParMarkBitMap*) 0x00000000734df030
 Begin Bits: [0x0000000012650000, 0x0000000013650000)
 End Bits:   [0x0000000013650000, 0x0000000014650000)

Polling page: 0x0000000000f20000

CodeCache: size=245760Kb used=5456Kb max_used=5456Kb free=240303Kb
 bounds [0x0000000002b20000, 0x0000000003080000, 0x0000000011b20000]
 total_blobs=1968 nmethods=1566 adapters=315
 compilation: enabled

Compilation events (10 events):
Event: 3.622 Thread 0x0000000015205800 1572       3       sun.misc.ProxyGenerator$ConstantPool$IndirectEntry::write (61 bytes)
Event: 3.623 Thread 0x0000000015205800 nmethod 1572 0x0000000003072b10 code [0x0000000003072d00, 0x0000000003073808]
Event: 3.641 Thread 0x0000000015205800 1573       3       sun.misc.ProxyGenerator::codeLocalLoadStore (90 bytes)
Event: 3.643 Thread 0x0000000015205800 nmethod 1573 0x0000000003073bd0 code [0x0000000003073e20, 0x0000000003074f48]
Event: 3.644 Thread 0x0000000015205800 1574       3       java.util.ArrayList::toArray (60 bytes)
Event: 3.644 Thread 0x0000000015205800 nmethod 1574 0x00000000030755d0 code [0x0000000003075760, 0x0000000003075d18]
Event: 3.648 Thread 0x0000000015205800 1575       3       java.util.concurrent.locks.AbstractQueuedSynchronizer::release (33 bytes)
Event: 3.648 Thread 0x0000000015205800 nmethod 1575 0x0000000003075e50 code [0x0000000003075fc0, 0x00000000030762d8]
Event: 3.650 Thread 0x0000000015205800 1576       3       java.util.concurrent.locks.AbstractQueuedSynchronizer::compareAndSetState (13 bytes)
Event: 3.650 Thread 0x0000000015205800 nmethod 1576 0x00000000030763d0 code [0x0000000003076520, 0x0000000003076690]

GC Heap History (10 events):
Event: 1.301 GC heap before
{Heap before GC invocations=2 (full 0):
 PSYoungGen      total 18944K, used 18660K [0x00000000eab00000, 0x00000000ec000000, 0x0000000100000000)
  eden space 16384K, 100% used [0x00000000eab00000,0x00000000ebb00000,0x00000000ebb00000)
  from space 2560K, 88% used [0x00000000ebb00000,0x00000000ebd39030,0x00000000ebd80000)
  to   space 2560K, 0% used [0x00000000ebd80000,0x00000000ebd80000,0x00000000ec000000)
 ParOldGen       total 44032K, used 8K [0x00000000c0000000, 0x00000000c2b00000, 0x00000000eab00000)
  object space 44032K, 0% used [0x00000000c0000000,0x00000000c0002000,0x00000000c2b00000)
 Metaspace       used 7201K, capacity 7372K, committed 7680K, reserved 1056768K
  class space    used 883K, capacity 968K, committed 1024K, reserved 1048576K
Event: 1.308 GC heap after
Heap after GC invocations=2 (full 0):
 PSYoungGen      total 18944K, used 2531K [0x00000000eab00000, 0x00000000ed000000, 0x0000000100000000)
  eden space 16384K, 0% used [0x00000000eab00000,0x00000000eab00000,0x00000000ebb00000)
  from space 2560K, 98% used [0x00000000ebd80000,0x00000000ebff8ec8,0x00000000ec000000)
  to   space 2560K, 0% used [0x00000000ebb00000,0x00000000ebb00000,0x00000000ebd80000)
 ParOldGen       total 44032K, used 912K [0x00000000c0000000, 0x00000000c2b00000, 0x00000000eab00000)
  object space 44032K, 2% used [0x00000000c0000000,0x00000000c00e4208,0x00000000c2b00000)
 Metaspace       used 7201K, capacity 7372K, committed 7680K, reserved 1056768K
  class space    used 883K, capacity 968K, committed 1024K, reserved 1048576K
}
Event: 1.537 GC heap before
{Heap before GC invocations=3 (full 0):
 PSYoungGen      total 18944K, used 18915K [0x00000000eab00000, 0x00000000ed000000, 0x0000000100000000)
  eden space 16384K, 100% used [0x00000000eab00000,0x00000000ebb00000,0x00000000ebb00000)
  from space 2560K, 98% used [0x00000000ebd80000,0x00000000ebff8ec8,0x00000000ec000000)
  to   space 2560K, 0% used [0x00000000ebb00000,0x00000000ebb00000,0x00000000ebd80000)
 ParOldGen       total 44032K, used 912K [0x00000000c0000000, 0x00000000c2b00000, 0x00000000eab00000)
  object space 44032K, 2% used [0x00000000c0000000,0x00000000c00e4208,0x00000000c2b00000)
 Metaspace       used 7230K, capacity 7436K, committed 7680K, reserved 1056768K
  class space    used 883K, capacity 968K, committed 1024K, reserved 1048576K
Event: 1.541 GC heap after
Heap after GC invocations=3 (full 0):
 PSYoungGen      total 18944K, used 2144K [0x00000000eab00000, 0x00000000ed000000, 0x0000000100000000)
  eden space 16384K, 0% used [0x00000000eab00000,0x00000000eab00000,0x00000000ebb00000)
  from space 2560K, 83% used [0x00000000ebb00000,0x00000000ebd18020,0x00000000ebd80000)
  to   space 2560K, 0% used [0x00000000ecd80000,0x00000000ecd80000,0x00000000ed000000)
 ParOldGen       total 44032K, used 920K [0x00000000c0000000, 0x00000000c2b00000, 0x00000000eab00000)
  object space 44032K, 2% used [0x00000000c0000000,0x00000000c00e6208,0x00000000c2b00000)
 Metaspace       used 7230K, capacity 7436K, committed 7680K, reserved 1056768K
  class space    used 883K, capacity 968K, committed 1024K, reserved 1048576K
}
Event: 1.741 GC heap before
{Heap before GC invocations=4 (full 0):
 PSYoungGen      total 18944K, used 18528K [0x00000000eab00000, 0x00000000ed000000, 0x0000000100000000)
  eden space 16384K, 100% used [0x00000000eab00000,0x00000000ebb00000,0x00000000ebb00000)
  from space 2560K, 83% used [0x00000000ebb00000,0x00000000ebd18020,0x00000000ebd80000)
  to   space 2560K, 0% used [0x00000000ecd80000,0x00000000ecd80000,0x00000000ed000000)
 ParOldGen       total 44032K, used 920K [0x00000000c0000000, 0x00000000c2b00000, 0x00000000eab00000)
  object space 44032K, 2% used [0x00000000c0000000,0x00000000c00e6208,0x00000000c2b00000)
 Metaspace       used 7434K, capacity 7684K, committed 7936K, reserved 1056768K
  class space    used 911K, capacity 1008K, committed 1024K, reserved 1048576K
Event: 1.745 GC heap after
Heap after GC invocations=4 (full 0):
 PSYoungGen      total 35328K, used 2528K [0x00000000eab00000, 0x00000000ed000000, 0x0000000100000000)
  eden space 32768K, 0% used [0x00000000eab00000,0x00000000eab00000,0x00000000ecb00000)
  from space 2560K, 98% used [0x00000000ecd80000,0x00000000ecff8020,0x00000000ed000000)
  to   space 2560K, 0% used [0x00000000ecb00000,0x00000000ecb00000,0x00000000ecd80000)
 ParOldGen       total 44032K, used 1504K [0x00000000c0000000, 0x00000000c2b00000, 0x00000000eab00000)
  object space 44032K, 3% used [0x00000000c0000000,0x00000000c01781f0,0x00000000c2b00000)
 Metaspace       used 7434K, capacity 7684K, committed 7936K, reserved 1056768K
  class space    used 911K, capacity 1008K, committed 1024K, reserved 1048576K
}
Event: 2.805 GC heap before
{Heap before GC invocations=5 (full 0):
 PSYoungGen      total 35328K, used 35296K [0x00000000eab00000, 0x00000000ed000000, 0x0000000100000000)
  eden space 32768K, 100% used [0x00000000eab00000,0x00000000ecb00000,0x00000000ecb00000)
  from space 2560K, 98% used [0x00000000ecd80000,0x00000000ecff8020,0x00000000ed000000)
  to   space 2560K, 0% used [0x00000000ecb00000,0x00000000ecb00000,0x00000000ecd80000)
 ParOldGen       total 44032K, used 1504K [0x00000000c0000000, 0x00000000c2b00000, 0x00000000eab00000)
  object space 44032K, 3% used [0x00000000c0000000,0x00000000c01781f0,0x00000000c2b00000)
 Metaspace       used 12188K, capacity 12416K, committed 12544K, reserved 1060864K
  class space    used 1627K, capacity 1730K, committed 1792K, reserved 1048576K
Event: 2.816 GC heap after
Heap after GC invocations=5 (full 0):
 PSYoungGen      total 35328K, used 2560K [0x00000000eab00000, 0x00000000ef700000, 0x0000000100000000)
  eden space 32768K, 0% used [0x00000000eab00000,0x00000000eab00000,0x00000000ecb00000)
  from space 2560K, 100% used [0x00000000ecb00000,0x00000000ecd80000,0x00000000ecd80000)
  to   space 6144K, 0% used [0x00000000ef100000,0x00000000ef100000,0x00000000ef700000)
 ParOldGen       total 44032K, used 5183K [0x00000000c0000000, 0x00000000c2b00000, 0x00000000eab00000)
  object space 44032K, 11% used [0x00000000c0000000,0x00000000c050ff00,0x00000000c2b00000)
 Metaspace       used 12188K, capacity 12416K, committed 12544K, reserved 1060864K
  class space    used 1627K, capacity 1730K, committed 1792K, reserved 1048576K
}
Event: 3.289 GC heap before
{Heap before GC invocations=6 (full 0):
 PSYoungGen      total 35328K, used 35328K [0x00000000eab00000, 0x00000000ef700000, 0x0000000100000000)
  eden space 32768K, 100% used [0x00000000eab00000,0x00000000ecb00000,0x00000000ecb00000)
  from space 2560K, 100% used [0x00000000ecb00000,0x00000000ecd80000,0x00000000ecd80000)
  to   space 6144K, 0% used [0x00000000ef100000,0x00000000ef100000,0x00000000ef700000)
 ParOldGen       total 44032K, used 5183K [0x00000000c0000000, 0x00000000c2b00000, 0x00000000eab00000)
  object space 44032K, 11% used [0x00000000c0000000,0x00000000c050ff00,0x00000000c2b00000)
 Metaspace       used 15366K, capacity 15818K, committed 16128K, reserved 1062912K
  class space    used 2056K, capacity 2219K, committed 2304K, reserved 1048576K
Event: 3.301 GC heap after
Heap after GC invocations=6 (full 0):
 PSYoungGen      total 70656K, used 6020K [0x00000000eab00000, 0x00000000ef900000, 0x0000000100000000)
  eden space 64512K, 0% used [0x00000000eab00000,0x00000000eab00000,0x00000000eea00000)
  from space 6144K, 97% used [0x00000000ef100000,0x00000000ef6e13b8,0x00000000ef700000)
  to   space 7168K, 0% used [0x00000000eea00000,0x00000000eea00000,0x00000000ef100000)
 ParOldGen       total 44032K, used 5183K [0x00000000c0000000, 0x00000000c2b00000, 0x00000000eab00000)
  object space 44032K, 11% used [0x00000000c0000000,0x00000000c050ff00,0x00000000c2b00000)
 Metaspace       used 15366K, capacity 15818K, committed 16128K, reserved 1062912K
  class space    used 2056K, capacity 2219K, committed 2304K, reserved 1048576K
}

Deoptimization events (10 events):
Event: 2.284 Thread 0x000000000291d800 Uncommon trap: reason=unstable_if action=reinterpret pc=0x0000000002e5dcb4 method=java.io.WinNTFileSystem.normalize(Ljava/lang/String;)Ljava/lang/String; @ 128
Event: 2.690 Thread 0x0000000018f8e800 Uncommon trap: reason=unstable_if action=reinterpret pc=0x0000000002f29bac method=java.util.concurrent.ConcurrentHashMap.putVal(Ljava/lang/Object;Ljava/lang/Object;Z)Ljava/lang/Object; @ 206
Event: 2.714 Thread 0x0000000018f8e800 Uncommon trap: reason=unstable_if action=reinterpret pc=0x0000000002e4e0d4 method=java.lang.String.substring(I)Ljava/lang/String; @ 35
Event: 2.775 Thread 0x0000000019068800 Uncommon trap: reason=class_check action=maybe_recompile pc=0x0000000002e37070 method=java.util.HashMap.putVal(ILjava/lang/Object;Ljava/lang/Object;ZZ)Ljava/lang/Object; @ 203
Event: 2.775 Thread 0x0000000019068800 Uncommon trap: reason=class_check action=maybe_recompile pc=0x0000000002e37070 method=java.util.HashMap.putVal(ILjava/lang/Object;Ljava/lang/Object;ZZ)Ljava/lang/Object; @ 203
Event: 3.085 Thread 0x0000000019068800 Uncommon trap: reason=class_check action=maybe_recompile pc=0x0000000002e52d58 method=java.util.regex.Matcher.match(II)Z @ 86
Event: 3.085 Thread 0x0000000019068800 Uncommon trap: reason=class_check action=maybe_recompile pc=0x0000000002e52d58 method=java.util.regex.Matcher.match(II)Z @ 86
Event: 3.086 Thread 0x0000000019068800 Uncommon trap: reason=class_check action=maybe_recompile pc=0x0000000002e52d58 method=java.util.regex.Matcher.match(II)Z @ 86
Event: 3.086 Thread 0x0000000019068800 Uncommon trap: reason=class_check action=maybe_recompile pc=0x0000000002ce065c method=java.util.regex.Matcher.match(II)Z @ 86
Event: 3.445 Thread 0x0000000019068800 Uncommon trap: reason=unstable_if action=reinterpret pc=0x0000000002e564dc method=java.io.File.getName()Ljava/lang/String; @ 16

Classes redefined (0 events):
No events

Internal exceptions (10 events):
Event: 2.706 Thread 0x0000000018f8e800 Exception <a 'java/lang/NoSuchMethodError': <clinit>> (0x00000000ec755e10) thrown at [C:\src\AOSP-openjdk-git\hotspot\src\share\vm\prims\jni.cpp, line 1615]
Event: 2.707 Thread 0x0000000018f8e800 Exception <a 'java/lang/NoSuchMethodError': <clinit>> (0x00000000ec75e9b0) thrown at [C:\src\AOSP-openjdk-git\hotspot\src\share\vm\prims\jni.cpp, line 1615]
Event: 2.710 Thread 0x0000000018f8e800 Exception <a 'java/lang/NoSuchMethodError': <clinit>> (0x00000000ec774dc8) thrown at [C:\src\AOSP-openjdk-git\hotspot\src\share\vm\prims\jni.cpp, line 1615]
Event: 2.724 Thread 0x0000000018f8e800 Exception <a 'java/lang/NoSuchMethodError': <clinit>> (0x00000000ec7cf298) thrown at [C:\src\AOSP-openjdk-git\hotspot\src\share\vm\prims\jni.cpp, line 1615]
Event: 2.729 Thread 0x0000000018f8e800 Exception <a 'java/lang/NoSuchMethodError': <clinit>> (0x00000000ec7fbb88) thrown at [C:\src\AOSP-openjdk-git\hotspot\src\share\vm\prims\jni.cpp, line 1615]
Event: 2.738 Thread 0x0000000018f8e800 Exception <a 'java/lang/NoSuchMethodError': <clinit>> (0x00000000ec828d90) thrown at [C:\src\AOSP-openjdk-git\hotspot\src\share\vm\prims\jni.cpp, line 1615]
Event: 2.740 Thread 0x0000000018f8e800 Exception <a 'java/lang/NoSuchMethodError': <clinit>> (0x00000000ec833e18) thrown at [C:\src\AOSP-openjdk-git\hotspot\src\share\vm\prims\jni.cpp, line 1615]
Event: 3.506 Thread 0x0000000019068800 Exception <a 'java/lang/NoSuchMethodError': java.lang.Object.lambda$and$0(Ljava/util/function/Predicate;Ljava/lang/Object;)Z> (0x00000000ebaed828) thrown at [C:\src\AOSP-openjdk-git\hotspot\src\share\vm\interpreter\linkResolver.cpp, line 620]
Event: 3.513 Thread 0x0000000019068800 Exception <a 'java/lang/IncompatibleClassChangeError': Found class java.lang.Object, but interface was expected> (0x00000000ebafe018) thrown at [C:\src\AOSP-openjdk-git\hotspot\src\share\vm\interpreter\linkResolver.cpp, line 653]
Event: 3.516 Thread 0x0000000019068800 Exception <a 'java/lang/NoSuchMethodError': java.lang.Object.lambda$or$2(Ljava/util/function/Predicate;Ljava/lang/Object;)Z> (0x00000000ebb02f38) thrown at [C:\src\AOSP-openjdk-git\hotspot\src\share\vm\interpreter\linkResolver.cpp, line 620]

Events (10 events):
Event: 3.650 loading class org/gradle/model/internal/inspect/ModelRuleSourceDetector$1
Event: 3.650 loading class org/gradle/model/internal/inspect/ModelRuleSourceDetector$1 done
Event: 3.651 loading class com/google/common/cache/CacheLoader$SupplierToCacheLoader
Event: 3.651 loading class com/google/common/cache/CacheLoader$SupplierToCacheLoader done
Event: 3.652 loading class com/google/common/cache/CacheLoader$FunctionToCacheLoader
Event: 3.652 loading class com/google/common/cache/CacheLoader$FunctionToCacheLoader done
Event: 3.652 loading class com/google/common/cache/CacheLoader$1
Event: 3.652 loading class com/google/common/cache/CacheLoader$1 done
Event: 3.653 loading class com/google/common/cache/LocalCache$LocalLoadingCache
Event: 3.653 loading class com/google/common/cache/LocalCache$LocalLoadingCache done


Dynamic libraries:
0x00007ff7b29c0000 - 0x00007ff7b29f1000 	E:\Android\Android Studio2\jre\bin\java.exe
0x00007ff94eaa0000 - 0x00007ff94ec90000 	C:\WINDOWS\SYSTEM32\ntdll.dll
0x00007ff94e7c0000 - 0x00007ff94e872000 	C:\WINDOWS\System32\KERNEL32.DLL
0x00007ff94bb90000 - 0x00007ff94be34000 	C:\WINDOWS\System32\KERNELBASE.dll
0x00007ff94dbb0000 - 0x00007ff94dc53000 	C:\WINDOWS\System32\ADVAPI32.dll
0x00007ff94dc60000 - 0x00007ff94dcfe000 	C:\WINDOWS\System32\msvcrt.dll
0x00007ff94d4d0000 - 0x00007ff94d567000 	C:\WINDOWS\System32\sechost.dll
0x00007ff94de80000 - 0x00007ff94dfa0000 	C:\WINDOWS\System32\RPCRT4.dll
0x00007ff94d570000 - 0x00007ff94d704000 	C:\WINDOWS\System32\USER32.dll
0x00007ff94ca50000 - 0x00007ff94ca71000 	C:\WINDOWS\System32\win32u.dll
0x00007ff94db70000 - 0x00007ff94db96000 	C:\WINDOWS\System32\GDI32.dll
0x00007ff94c890000 - 0x00007ff94ca24000 	C:\WINDOWS\System32\gdi32full.dll
0x00007ff94ca80000 - 0x00007ff94cb1e000 	C:\WINDOWS\System32\msvcp_win.dll
0x00007ff94be90000 - 0x00007ff94bf8a000 	C:\WINDOWS\System32\ucrtbase.dll
0x00007ff93b850000 - 0x00007ff93bad4000 	C:\WINDOWS\WinSxS\amd64_microsoft.windows.common-controls_6595b64144ccf1df_6.0.18362.836_none_e6c4b943130f18ed\COMCTL32.dll
0x00007ff94cc30000 - 0x00007ff94cf66000 	C:\WINDOWS\System32\combase.dll
0x00007ff94bb10000 - 0x00007ff94bb90000 	C:\WINDOWS\System32\bcryptPrimitives.dll
0x00007ff94de50000 - 0x00007ff94de7e000 	C:\WINDOWS\System32\IMM32.DLL
0x0000000072c30000 - 0x0000000072d02000 	E:\Android\Android Studio2\jre\jre\bin\msvcr100.dll
0x0000000072d10000 - 0x000000007355b000 	E:\Android\Android Studio2\jre\jre\bin\server\jvm.dll
0x00007ff94cfe0000 - 0x00007ff94cfe8000 	C:\WINDOWS\System32\PSAPI.DLL
0x00007ff948b50000 - 0x00007ff948b74000 	C:\WINDOWS\SYSTEM32\WINMM.dll
0x00007ff93d830000 - 0x00007ff93d83a000 	C:\WINDOWS\SYSTEM32\VERSION.dll
0x00007ff93a7e0000 - 0x00007ff93a7e9000 	C:\WINDOWS\SYSTEM32\WSOCK32.dll
0x00007ff948b20000 - 0x00007ff948b4d000 	C:\WINDOWS\SYSTEM32\WINMMBASE.dll
0x00007ff94cf70000 - 0x00007ff94cfdf000 	C:\WINDOWS\System32\WS2_32.dll
0x00007ff94be40000 - 0x00007ff94be8a000 	C:\WINDOWS\System32\cfgmgr32.dll
0x00007ff945fa0000 - 0x00007ff945faf000 	E:\Android\Android Studio2\jre\jre\bin\verify.dll
0x00007ff9451f0000 - 0x00007ff945219000 	E:\Android\Android Studio2\jre\jre\bin\java.dll
0x00007ff9451d0000 - 0x00007ff9451e6000 	E:\Android\Android Studio2\jre\jre\bin\zip.dll
0x00007ff94dfa0000 - 0x00007ff94e684000 	C:\WINDOWS\System32\SHELL32.dll
0x00007ff94e880000 - 0x00007ff94e929000 	C:\WINDOWS\System32\shcore.dll
0x00007ff94bf90000 - 0x00007ff94c70e000 	C:\WINDOWS\System32\windows.storage.dll
0x00007ff94ba90000 - 0x00007ff94bab3000 	C:\WINDOWS\System32\profapi.dll
0x00007ff94bac0000 - 0x00007ff94bb0a000 	C:\WINDOWS\System32\powrprof.dll
0x00007ff94ba40000 - 0x00007ff94ba50000 	C:\WINDOWS\System32\UMPDC.dll
0x00007ff94e930000 - 0x00007ff94e982000 	C:\WINDOWS\System32\shlwapi.dll
0x00007ff94ba50000 - 0x00007ff94ba61000 	C:\WINDOWS\System32\kernel.appcore.dll
0x00007ff94ca30000 - 0x00007ff94ca47000 	C:\WINDOWS\System32\cryptsp.dll
0x00007ff93f4b0000 - 0x00007ff93f4ca000 	E:\Android\Android Studio2\jre\jre\bin\net.dll
0x00007ff94b250000 - 0x00007ff94b2b7000 	C:\WINDOWS\system32\mswsock.dll
0x00007ff93ed40000 - 0x00007ff93ed53000 	E:\Android\Android Studio2\jre\jre\bin\nio.dll
0x00007ff935960000 - 0x00007ff935986000 	C:\Users\LUCKY\.gradle\native\31\windows-amd64\native-platform.dll
0x00007ff93f4a0000 - 0x00007ff93f4ad000 	E:\Android\Android Studio2\jre\jre\bin\management.dll
0x00007ff94adc0000 - 0x00007ff94adf3000 	C:\WINDOWS\system32\rsaenh.dll
0x00007ff94c710000 - 0x00007ff94c736000 	C:\WINDOWS\System32\bcrypt.dll
0x00007ff94b930000 - 0x00007ff94b955000 	C:\WINDOWS\SYSTEM32\USERENV.dll
0x00007ff94b420000 - 0x00007ff94b42c000 	C:\WINDOWS\SYSTEM32\CRYPTBASE.dll
0x00007ff94af60000 - 0x00007ff94af9a000 	C:\WINDOWS\SYSTEM32\IPHLPAPI.DLL
0x00007ff94dd00000 - 0x00007ff94dd08000 	C:\WINDOWS\System32\NSI.dll
0x00007ff942ca0000 - 0x00007ff942cb6000 	C:\WINDOWS\SYSTEM32\dhcpcsvc6.DLL
0x00007ff942ec0000 - 0x00007ff942edc000 	C:\WINDOWS\SYSTEM32\dhcpcsvc.DLL
0x00007ff94afa0000 - 0x00007ff94b06b000 	C:\WINDOWS\SYSTEM32\DNSAPI.dll

VM Arguments:
jvm_args: -Xmx1024m -Dfile.encoding=windows-1252 -Duser.country=US -Duser.language=en -Duser.variant 
java_command: org.gradle.launcher.daemon.bootstrap.GradleDaemon 6.1.1
java_class_path (initial): C:\Users\LUCKY\.gradle\wrapper\dists\gradle-6.1.1-all\cfmwm155h49vnt3hynmlrsdst\gradle-6.1.1\lib\gradle-launcher-6.1.1.jar
Launcher Type: SUN_STANDARD

Environment Variables:
PATH=C:\Program Files\Common Files\Oracle\Java\javapath;C:\WINDOWS\system32;C:\WINDOWS;C:\WINDOWS\System32\Wbem;C:\WINDOWS\System32\WindowsPowerShell\v1.0\;C:\Program Files\Java\jdk1.8.0_241\bin;C:\WINDOWS\System32\OpenSSH\;E:\Git\cmd;C:\Users\LUCKY\AppData\Local\Microsoft\WindowsApps;
USERNAME=LUCKY
OS=Windows_NT
PROCESSOR_IDENTIFIER=Intel64 Family 6 Model 61 Stepping 4, GenuineIntel



---------------  S Y S T E M  ---------------

OS: Windows 10.0 , 64 bit Build 18362 (10.0.18362.778)

CPU:total 4 (initial active 4) (2 cores per cpu, 2 threads per core) family 6 model 61 stepping 4, cmov, cx8, fxsr, mmx, sse, sse2, sse3, ssse3, sse4.1, sse4.2, popcnt, avx, avx2, aes, clmul, erms, 3dnowpref, lzcnt, ht, tsc, tscinvbit, bmi1, bmi2, adx

Memory: 4k page, physical 4107804k(593648k free), swap 4185400k(5648k free)

vm_info: OpenJDK 64-Bit Server VM (25.242-b01) for windows-amd64 JRE (1.8.0_242-release-1644-b01), built by "builder" with MS VC++ 10.0 (VS2010)

time: Mon Nov 16 23:12:29 2020
timezone: Pakistan Standard Time
elapsed time: 3 seconds (0d 0h 0m 3s)

